2023-09-30 14:15:24.106 [info] Extension host with pid 7097 started
2023-09-30 14:15:24.106 [info] Skipping acquiring lock for /home/braeden/.config/Code - OSS/User/workspaceStorage/0e5a1c22b2774c3b3093a8b78d2650b2.
2023-09-30 14:15:24.333 [info] ExtensionService#_doActivateExtension vscode.emmet, startup: false, activationEvent: 'onLanguage'
2023-09-30 14:15:24.342 [info] ExtensionService#_doActivateExtension vadimcn.vscode-lldb, startup: false, activationEvent: 'onLanguage:cpp', root cause: franneck94.c-cpp-runner
2023-09-30 14:15:24.448 [info] ExtensionService#_doActivateExtension llvm-vs-code-extensions.vscode-clangd, startup: false, activationEvent: 'onLanguage:cpp'
2023-09-30 14:15:25.078 [info] ExtensionService#_doActivateExtension franneck94.c-cpp-runner, startup: false, activationEvent: 'onLanguage:cpp'
2023-09-30 14:15:25.211 [info] ExtensionService#_doActivateExtension vscode.git-base, startup: true, activationEvent: '*', root cause: vscode.git
2023-09-30 14:15:25.230 [info] ExtensionService#_doActivateExtension vscode.git, startup: true, activationEvent: '*'
2023-09-30 14:15:25.258 [info] ExtensionService#_doActivateExtension vscode.github, startup: true, activationEvent: '*'
2023-09-30 14:15:25.352 [info] Eager extensions activated
2023-09-30 14:15:25.394 [info] ExtensionService#_doActivateExtension vscode.debug-auto-launch, startup: false, activationEvent: 'onStartupFinished'
2023-09-30 14:15:25.397 [info] ExtensionService#_doActivateExtension vscode.merge-conflict, startup: false, activationEvent: 'onStartupFinished'
2023-09-30 14:15:25.406 [info] ExtensionService#_doActivateExtension franneck94.vscode-c-cpp-config, startup: false, activationEvent: 'onStartupFinished'
2023-09-30 14:15:26.002 [error] [llvm-vs-code-extensions.vscode-clangd] provider FAILED
2023-09-30 14:15:26.002 [error] {"a":true,"b":null}
2023-09-30 14:15:26.005 [error] [llvm-vs-code-extensions.vscode-clangd] provider FAILED
2023-09-30 14:15:26.005 [error] {"a":true,"b":null}
2023-09-30 14:15:26.008 [error] [llvm-vs-code-extensions.vscode-clangd] provider FAILED
2023-09-30 14:15:26.008 [error] {"a":true,"b":null}
2023-09-30 14:15:41.112 [error] [llvm-vs-code-extensions.vscode-clangd] provider FAILED
2023-09-30 14:15:41.112 [error] {"a":true,"b":null}
2023-09-30 14:15:41.117 [error] [llvm-vs-code-extensions.vscode-clangd] provider FAILED
2023-09-30 14:15:41.117 [error] {"a":true,"b":null}
2023-09-30 14:15:41.118 [error] [llvm-vs-code-extensions.vscode-clangd] provider FAILED
2023-09-30 14:15:41.118 [error] {"a":true,"b":null}
2023-09-30 14:15:41.118 [error] [llvm-vs-code-extensions.vscode-clangd] provider FAILED
2023-09-30 14:15:41.118 [error] {"a":true,"b":null}
2023-09-30 14:15:41.119 [error] [llvm-vs-code-extensions.vscode-clangd] provider FAILED
2023-09-30 14:15:41.119 [error] {"a":true,"b":null}
2023-09-30 14:15:45.949 [error] [llvm-vs-code-extensions.vscode-clangd] provider FAILED
2023-09-30 14:15:45.949 [error] {"a":true,"b":null}
2023-09-30 14:16:00.039 [error] [llvm-vs-code-extensions.vscode-clangd] provider FAILED
2023-09-30 14:16:00.039 [error] {"a":true,"b":null}
2023-09-30 14:16:00.039 [error] [llvm-vs-code-extensions.vscode-clangd] provider FAILED
2023-09-30 14:16:00.039 [error] {"a":true,"b":null}
2023-09-30 14:16:00.040 [error] [llvm-vs-code-extensions.vscode-clangd] provider FAILED
2023-09-30 14:16:00.040 [error] {"a":true,"b":null}
2023-09-30 14:16:00.040 [error] [llvm-vs-code-extensions.vscode-clangd] provider FAILED
2023-09-30 14:16:00.040 [error] {"a":true,"b":null}
2023-09-30 14:16:00.040 [error] [llvm-vs-code-extensions.vscode-clangd] provider FAILED
2023-09-30 14:16:00.040 [error] {"a":true,"b":null}
2023-09-30 14:16:00.874 [error] [llvm-vs-code-extensions.vscode-clangd] provider FAILED
2023-09-30 14:16:00.874 [error] {"a":true,"b":null}
2023-09-30 14:31:00.465 [info] Extension host terminating: renderer closed the MessagePort
2023-09-30 14:31:00.483 [error] Canceled: Canceled
	at new h (/usr/lib/code/out/vs/workbench/api/node/extensionHostProcess.js:107:57382)
	at i.O (/usr/lib/code/out/vs/workbench/api/node/extensionHostProcess.js:116:10850)
	at j.<computed>.T.charCodeAt.j.<computed> (/usr/lib/code/out/vs/workbench/api/node/extensionHostProcess.js:116:8289)
	at r.g (/usr/lib/code/out/vs/workbench/api/node/extensionHostProcess.js:107:82208)
	at r.executeCommand (/usr/lib/code/out/vs/workbench/api/node/extensionHostProcess.js:107:81646)
	at u.registerCommand.description (/usr/lib/code/out/vs/workbench/api/node/extensionHostProcess.js:107:80967)
	at r.h (/usr/lib/code/out/vs/workbench/api/node/extensionHostProcess.js:107:82744)
	at r.g (/usr/lib/code/out/vs/workbench/api/node/extensionHostProcess.js:107:81739)
	at r.executeCommand (/usr/lib/code/out/vs/workbench/api/node/extensionHostProcess.js:107:81646)
	at Object.executeCommand (/usr/lib/code/out/vs/workbench/api/node/extensionHostProcess.js:122:21247)
	at setContextValue (/home/braeden/.vscode-oss/extensions/franneck94.c-cpp-runner-5.2.1-universal/dist/main.js:5343:28)
	at Object.deactivate (/home/braeden/.vscode-oss/extensions/franneck94.c-cpp-runner-5.2.1-universal/dist/main.js:3482:39)
	at n.Z (/usr/lib/code/out/vs/workbench/api/node/extensionHostProcess.js:118:9460)
	at /usr/lib/code/out/vs/workbench/api/node/extensionHostProcess.js:118:7585
	at Array.map (<anonymous>)
	at n.S (/usr/lib/code/out/vs/workbench/api/node/extensionHostProcess.js:118:7572)
	at n.terminate (/usr/lib/code/out/vs/workbench/api/node/extensionHostProcess.js:118:7844)
	at o.terminate (/usr/lib/code/out/vs/workbench/api/node/extensionHostProcess.js:122:1513)
	at D (/usr/lib/code/out/vs/workbench/api/node/extensionHostProcess.js:135:9800)
	at MessagePortMain.<anonymous> (/usr/lib/code/out/vs/workbench/api/node/extensionHostProcess.js:135:6225)
	at MessagePortMain.emit (node:events:513:28)
	at MessagePortMain._internalPort.emit (node:electron/js2c/utility_init:2:367) setContext undefined
2023-09-30 14:31:00.484 [info] Extension host with pid 7097 exiting with code 0
