[    10.009] 
X.Org X Server 1.21.1.9
X Protocol Version 11, Revision 0
[    10.009] Current Operating System: Linux archlinux 6.5.9-arch2-1 #1 SMP PREEMPT_DYNAMIC Thu, 26 Oct 2023 00:52:20 +0000 x86_64
[    10.009] Kernel command line: initrd=\intel-ucode.img initrd=\initramfs-linux.img root=PARTUUID=1062d47f-04b7-4066-8fe5-9c74ec8f9740 zswap.enabled=0 rw rootfstype=ext4
[    10.009]  
[    10.009] Current version of pixman: 0.42.2
[    10.009] 	Before reporting problems, check http://wiki.x.org
	to make sure that you have the latest version.
[    10.009] Markers: (--) probed, (**) from config file, (==) default setting,
	(++) from command line, (!!) notice, (II) informational,
	(WW) warning, (EE) error, (NI) not implemented, (??) unknown.
[    10.010] (==) Log file: "/home/braeden/.local/share/xorg/Xorg.0.log", Time: Fri Oct 27 14:07:48 2023
[    10.012] (==) Using config directory: "/etc/X11/xorg.conf.d"
[    10.012] (==) Using system config directory "/usr/share/X11/xorg.conf.d"
[    10.013] (==) No Layout section.  Using the first Screen section.
[    10.013] (==) No screen section available. Using defaults.
[    10.013] (**) |-->Screen "Default Screen Section" (0)
[    10.013] (**) |   |-->Monitor "<default monitor>"
[    10.013] (==) No monitor specified for screen "Default Screen Section".
	Using a default monitor configuration.
[    10.013] (==) Automatically adding devices
[    10.013] (==) Automatically enabling devices
[    10.013] (==) Automatically adding GPU devices
[    10.013] (==) Automatically binding GPU devices
[    10.013] (==) Max clients allowed: 256, resource mask: 0x1fffff
[    10.013] (WW) The directory "/usr/share/fonts/misc" does not exist.
[    10.013] 	Entry deleted from font path.
[    10.014] (WW) `fonts.dir' not found (or not valid) in "/usr/share/fonts/TTF".
[    10.014] 	Entry deleted from font path.
[    10.014] 	(Run 'mkfontdir' on "/usr/share/fonts/TTF").
[    10.014] (WW) The directory "/usr/share/fonts/OTF" does not exist.
[    10.014] 	Entry deleted from font path.
[    10.014] (WW) The directory "/usr/share/fonts/Type1" does not exist.
[    10.014] 	Entry deleted from font path.
[    10.015] (==) FontPath set to:
	/usr/share/fonts/100dpi,
	/usr/share/fonts/75dpi
[    10.015] (==) ModulePath set to "/usr/lib/xorg/modules"
[    10.015] (II) The server relies on udev to provide the list of input devices.
	If no devices become available, reconfigure udev or disable AutoAddDevices.
[    10.016] (II) Module ABI versions:
[    10.016] 	X.Org ANSI C Emulation: 0.4
[    10.016] 	X.Org Video Driver: 25.2
[    10.016] 	X.Org XInput driver : 24.4
[    10.016] 	X.Org Server Extension : 10.0
[    10.016] (++) using VT number 1

[    10.018] (II) systemd-logind: took control of session /org/freedesktop/login1/session/_31
[    10.019] (II) xfree86: Adding drm device (/dev/dri/card1)
[    10.019] (II) Platform probe for /sys/devices/pci0000:00/0000:00:02.0/drm/card1
[    10.019] (II) systemd-logind: got fd for /dev/dri/card1 226:1 fd 13 paused 0
[    10.022] (--) PCI:*(0@0:2:0) 8086:4e61:1e50:800f rev 1, Mem @ 0x6000000000/16777216, 0x4000000000/268435456, I/O @ 0x00004000/64, BIOS @ 0x????????/131072
[    10.022] (WW) Open ACPI failed (/var/run/acpid.socket) (No such file or directory)
[    10.022] (II) LoadModule: "glx"
[    10.022] (II) Loading /usr/lib/xorg/modules/extensions/libglx.so
[    10.029] (II) Module glx: vendor="X.Org Foundation"
[    10.029] 	compiled for 1.21.1.9, module version = 1.0.0
[    10.029] 	ABI class: X.Org Server Extension, version 10.0
[    10.029] (==) Matched intel as autoconfigured driver 0
[    10.029] (==) Matched modesetting as autoconfigured driver 1
[    10.029] (==) Matched fbdev as autoconfigured driver 2
[    10.029] (==) Matched vesa as autoconfigured driver 3
[    10.029] (==) Assigned the driver to the xf86ConfigLayout
[    10.029] (II) LoadModule: "intel"
[    10.029] (WW) Warning, couldn't open module intel
[    10.029] (EE) Failed to load module "intel" (module does not exist, 0)
[    10.029] (II) LoadModule: "modesetting"
[    10.029] (II) Loading /usr/lib/xorg/modules/drivers/modesetting_drv.so
[    10.033] (II) Module modesetting: vendor="X.Org Foundation"
[    10.033] 	compiled for 1.21.1.9, module version = 1.21.1
[    10.033] 	Module class: X.Org Video Driver
[    10.033] 	ABI class: X.Org Video Driver, version 25.2
[    10.033] (II) LoadModule: "fbdev"
[    10.033] (WW) Warning, couldn't open module fbdev
[    10.033] (EE) Failed to load module "fbdev" (module does not exist, 0)
[    10.033] (II) LoadModule: "vesa"
[    10.033] (II) Loading /usr/lib/xorg/modules/drivers/vesa_drv.so
[    10.034] (II) Module vesa: vendor="X.Org Foundation"
[    10.034] 	compiled for 1.21.1.4, module version = 2.6.0
[    10.034] 	Module class: X.Org Video Driver
[    10.034] 	ABI class: X.Org Video Driver, version 25.2
[    10.034] (II) modesetting: Driver for Modesetting Kernel Drivers: kms
[    10.034] (II) VESA: driver for VESA chipsets: vesa
[    10.034] xf86EnableIO: failed to enable I/O ports 0000-03ff (Operation not permitted)
[    10.034] (II) modeset(0): using drv /dev/dri/card1
[    10.034] (WW) VGA arbiter: cannot open kernel arbiter, no multi-card support
[    10.034] (II) modeset(0): Creating default Display subsection in Screen section
	"Default Screen Section" for depth/fbbpp 24/32
[    10.034] (==) modeset(0): Depth 24, (==) framebuffer bpp 32
[    10.034] (==) modeset(0): RGB weight 888
[    10.034] (==) modeset(0): Default visual is TrueColor
[    10.034] (II) Loading sub module "glamoregl"
[    10.034] (II) LoadModule: "glamoregl"
[    10.034] (II) Loading /usr/lib/xorg/modules/libglamoregl.so
[    10.041] (II) Module glamoregl: vendor="X.Org Foundation"
[    10.041] 	compiled for 1.21.1.9, module version = 1.0.1
[    10.041] 	ABI class: X.Org ANSI C Emulation, version 0.4
[    10.212] (II) modeset(0): glamor X acceleration enabled on Mesa Intel(R) UHD Graphics (JSL)
[    10.212] (II) modeset(0): glamor initialized
[    10.212] (==) modeset(0): VariableRefresh: disabled
[    10.212] (==) modeset(0): AsyncFlipSecondaries: disabled
[    10.214] (II) modeset(0): Output eDP-1 has no monitor section
[    10.214] (II) modeset(0): Output HDMI-1 has no monitor section
[    10.214] (II) modeset(0): Output DP-1 has no monitor section
[    10.214] (II) modeset(0): Output HDMI-2 has no monitor section
[    10.216] (II) modeset(0): EDID for output eDP-1
[    10.216] (II) modeset(0): Manufacturer: HKC  Model: 3cfb  Serial#: 0
[    10.216] (II) modeset(0): Year: 2021  Week: 0
[    10.216] (II) modeset(0): EDID Version: 1.4
[    10.216] (II) modeset(0): Digital Display Input
[    10.216] (II) modeset(0): 6 bits per channel
[    10.216] (II) modeset(0): Digital interface is DisplayPort
[    10.216] (II) modeset(0): Max Image Size [cm]: horiz.: 34  vert.: 19
[    10.216] (II) modeset(0): Gamma: 2.20
[    10.216] (II) modeset(0): No DPMS capabilities specified
[    10.216] (II) modeset(0): Supported color encodings: RGB 4:4:4 
[    10.216] (II) modeset(0): First detailed timing is preferred mode
[    10.216] (II) modeset(0): Preferred mode is native pixel format and refresh rate
[    10.216] (II) modeset(0): Display is continuous-frequency
[    10.216] (II) modeset(0): redX: 0.575 redY: 0.346   greenX: 0.338 greenY: 0.574
[    10.216] (II) modeset(0): blueX: 0.155 blueY: 0.106   whiteX: 0.312 whiteY: 0.328
[    10.216] (II) modeset(0): Manufacturer's mask: 0
[    10.216] (II) modeset(0): Supported detailed timing:
[    10.216] (II) modeset(0): clock: 152.6 MHz   Image Size:  344 x 194 mm
[    10.216] (II) modeset(0): h_active: 1920  h_sync: 1968  h_sync_end 2000 h_blank_end 2192 h_border: 0
[    10.216] (II) modeset(0): v_active: 1080  v_sync: 1083  v_sync_end 1089 v_blanking: 1160 v_border: 0
[    10.216] (II) modeset(0): Supported detailed timing:
[    10.216] (II) modeset(0): clock: 101.7 MHz   Image Size:  344 x 194 mm
[    10.216] (II) modeset(0): h_active: 1920  h_sync: 1968  h_sync_end 2000 h_blank_end 2192 h_border: 0
[    10.216] (II) modeset(0): v_active: 1080  v_sync: 1083  v_sync_end 1089 v_blanking: 1160 v_border: 0
[    10.216] (II) modeset(0): Unknown vendor-specific block 2
[    10.217] (II) modeset(0): EDID (in hex):
[    10.217] (II) modeset(0): 	00ffffffffffff002163fb3c00000000
[    10.217] (II) modeset(0): 	001f0104952213780368d09358569327
[    10.217] (II) modeset(0): 	1b505400000001010101010101010101
[    10.217] (II) modeset(0): 	010101010101993b8010713850403020
[    10.217] (II) modeset(0): 	360058c210000019bb27801071385040
[    10.217] (II) modeset(0): 	3020360058c210000019000000000000
[    10.217] (II) modeset(0): 	00000000000000000000000000000002
[    10.217] (II) modeset(0): 	000c3dff0c3c7d1427287d0000000017
[    10.217] (II) modeset(0): Printing probed modes for output eDP-1
[    10.217] (II) modeset(0): Modeline "1920x1080"x60.0  152.57  1920 1968 2000 2192  1080 1083 1089 1160 -hsync -vsync (69.6 kHz eP)
[    10.217] (II) modeset(0): Modeline "1920x1080"x119.9  266.50  1920 1944 1960 2000  1080 1081 1084 1111 doublescan +hsync -vsync (133.2 kHz d)
[    10.217] (II) modeset(0): Modeline "1920x1080"x60.0  173.00  1920 2048 2248 2576  1080 1083 1088 1120 -hsync +vsync (67.2 kHz d)
[    10.217] (II) modeset(0): Modeline "1920x1080"x59.9  138.50  1920 1968 2000 2080  1080 1083 1088 1111 +hsync -vsync (66.6 kHz d)
[    10.217] (II) modeset(0): Modeline "1920x1080"x40.0  101.71  1920 1968 2000 2192  1080 1083 1089 1160 -hsync -vsync (46.4 kHz e)
[    10.217] (II) modeset(0): Modeline "1680x1050"x60.0  146.25  1680 1784 1960 2240  1050 1053 1059 1089 -hsync +vsync (65.3 kHz d)
[    10.217] (II) modeset(0): Modeline "1680x1050"x59.9  119.00  1680 1728 1760 1840  1050 1053 1059 1080 +hsync -vsync (64.7 kHz d)
[    10.217] (II) modeset(0): Modeline "1400x1050"x60.0  122.00  1400 1488 1640 1880  1050 1052 1064 1082 +hsync +vsync (64.9 kHz d)
[    10.217] (II) modeset(0): Modeline "1600x900"x120.0  246.00  1600 1728 1900 2200  900 901 904 932 doublescan -hsync +vsync (111.8 kHz d)
[    10.217] (II) modeset(0): Modeline "1600x900"x119.9  186.50  1600 1624 1640 1680  900 901 904 926 doublescan +hsync -vsync (111.0 kHz d)
[    10.217] (II) modeset(0): Modeline "1600x900"x59.9  118.25  1600 1696 1856 2112  900 903 908 934 -hsync +vsync (56.0 kHz d)
[    10.217] (II) modeset(0): Modeline "1600x900"x59.8   97.50  1600 1648 1680 1760  900 903 908 926 +hsync -vsync (55.4 kHz d)
[    10.217] (II) modeset(0): Modeline "1280x1024"x60.0  108.00  1280 1328 1440 1688  1024 1025 1028 1066 +hsync +vsync (64.0 kHz d)
[    10.217] (II) modeset(0): Modeline "1400x900"x60.0  103.50  1400 1480 1624 1848  900 903 913 934 -hsync +vsync (56.0 kHz d)
[    10.217] (II) modeset(0): Modeline "1400x900"x59.9   86.50  1400 1448 1480 1560  900 903 913 926 +hsync -vsync (55.4 kHz d)
[    10.217] (II) modeset(0): Modeline "1280x960"x60.0  108.00  1280 1376 1488 1800  960 961 964 1000 +hsync +vsync (60.0 kHz d)
[    10.217] (II) modeset(0): Modeline "1440x810"x120.0  198.12  1440 1548 1704 1968  810 811 814 839 doublescan -hsync +vsync (100.7 kHz d)
[    10.217] (II) modeset(0): Modeline "1440x810"x119.9  151.88  1440 1464 1480 1520  810 811 814 833 doublescan +hsync -vsync (99.9 kHz d)
[    10.217] (II) modeset(0): Modeline "1368x768"x59.9   85.25  1368 1440 1576 1784  768 771 781 798 -hsync +vsync (47.8 kHz d)
[    10.217] (II) modeset(0): Modeline "1368x768"x59.9   72.25  1368 1416 1448 1528  768 771 781 790 +hsync -vsync (47.3 kHz d)
[    10.217] (II) modeset(0): Modeline "1280x800"x120.0  174.25  1280 1380 1516 1752  800 801 804 829 doublescan -hsync +vsync (99.5 kHz d)
[    10.217] (II) modeset(0): Modeline "1280x800"x119.9  134.25  1280 1304 1320 1360  800 801 804 823 doublescan +hsync -vsync (98.7 kHz d)
[    10.217] (II) modeset(0): Modeline "1280x800"x59.8   83.50  1280 1352 1480 1680  800 803 809 831 -hsync +vsync (49.7 kHz d)
[    10.217] (II) modeset(0): Modeline "1280x800"x59.9   71.00  1280 1328 1360 1440  800 803 809 823 +hsync -vsync (49.3 kHz d)
[    10.217] (II) modeset(0): Modeline "1280x720"x120.0  156.12  1280 1376 1512 1744  720 721 724 746 doublescan -hsync +vsync (89.5 kHz d)
[    10.217] (II) modeset(0): Modeline "1280x720"x120.0  120.75  1280 1304 1320 1360  720 721 724 740 doublescan +hsync -vsync (88.8 kHz d)
[    10.217] (II) modeset(0): Modeline "1280x720"x59.9   74.50  1280 1344 1472 1664  720 723 728 748 -hsync +vsync (44.8 kHz d)
[    10.217] (II) modeset(0): Modeline "1280x720"x59.7   63.75  1280 1328 1360 1440  720 723 728 741 +hsync -vsync (44.3 kHz d)
[    10.217] (II) modeset(0): Modeline "1024x768"x120.1  133.47  1024 1100 1212 1400  768 768 770 794 doublescan -hsync +vsync (95.3 kHz d)
[    10.217] (II) modeset(0): Modeline "1024x768"x60.0   65.00  1024 1048 1184 1344  768 771 777 806 -hsync -vsync (48.4 kHz d)
[    10.217] (II) modeset(0): Modeline "960x720"x120.0  117.00  960 1024 1128 1300  720 720 722 750 doublescan -hsync +vsync (90.0 kHz d)
[    10.217] (II) modeset(0): Modeline "928x696"x120.1  109.15  928 976 1088 1264  696 696 698 719 doublescan -hsync +vsync (86.4 kHz d)
[    10.217] (II) modeset(0): Modeline "896x672"x120.0  102.40  896 960 1060 1224  672 672 674 697 doublescan -hsync +vsync (83.7 kHz d)
[    10.217] (II) modeset(0): Modeline "1024x576"x119.9   98.50  1024 1092 1200 1376  576 577 580 597 doublescan -hsync +vsync (71.6 kHz d)
[    10.217] (II) modeset(0): Modeline "1024x576"x119.9   78.38  1024 1048 1064 1104  576 577 580 592 doublescan +hsync -vsync (71.0 kHz d)
[    10.217] (II) modeset(0): Modeline "1024x576"x59.9   46.50  1024 1064 1160 1296  576 579 584 599 -hsync +vsync (35.9 kHz d)
[    10.217] (II) modeset(0): Modeline "1024x576"x59.8   42.00  1024 1072 1104 1184  576 579 584 593 +hsync -vsync (35.5 kHz d)
[    10.217] (II) modeset(0): Modeline "960x600"x119.9   96.62  960 1028 1128 1296  600 601 604 622 doublescan -hsync +vsync (74.6 kHz d)
[    10.217] (II) modeset(0): Modeline "960x600"x120.0   77.00  960 984 1000 1040  600 601 604 617 doublescan +hsync -vsync (74.0 kHz d)
[    10.217] (II) modeset(0): Modeline "960x540"x119.9   86.50  960 1024 1124 1288  540 541 544 560 doublescan -hsync +vsync (67.2 kHz d)
[    10.217] (II) modeset(0): Modeline "960x540"x120.0   69.25  960 984 1000 1040  540 541 544 555 doublescan +hsync -vsync (66.6 kHz d)
[    10.217] (II) modeset(0): Modeline "960x540"x59.6   40.75  960 992 1088 1216  540 543 548 562 -hsync +vsync (33.5 kHz d)
[    10.217] (II) modeset(0): Modeline "960x540"x59.8   37.25  960 1008 1040 1120  540 543 548 556 +hsync -vsync (33.3 kHz d)
[    10.217] (II) modeset(0): Modeline "800x600"x120.0   81.00  800 832 928 1080  600 600 602 625 doublescan +hsync +vsync (75.0 kHz d)
[    10.217] (II) modeset(0): Modeline "800x600"x60.3   40.00  800 840 968 1056  600 601 605 628 +hsync +vsync (37.9 kHz d)
[    10.217] (II) modeset(0): Modeline "800x600"x56.2   36.00  800 824 896 1024  600 601 603 625 +hsync +vsync (35.2 kHz d)
[    10.217] (II) modeset(0): Modeline "840x525"x120.0   73.12  840 892 980 1120  525 526 529 544 doublescan -hsync +vsync (65.3 kHz d)
[    10.217] (II) modeset(0): Modeline "840x525"x119.8   59.50  840 864 880 920  525 526 529 540 doublescan +hsync -vsync (64.7 kHz d)
[    10.217] (II) modeset(0): Modeline "864x486"x59.9   32.50  864 888 968 1072  486 489 494 506 -hsync +vsync (30.3 kHz d)
[    10.217] (II) modeset(0): Modeline "864x486"x59.6   30.50  864 912 944 1024  486 489 494 500 +hsync -vsync (29.8 kHz d)
[    10.217] (II) modeset(0): Modeline "700x525"x120.0   61.00  700 744 820 940  525 526 532 541 doublescan +hsync +vsync (64.9 kHz d)
[    10.217] (II) modeset(0): Modeline "800x450"x119.9   59.12  800 848 928 1056  450 451 454 467 doublescan -hsync +vsync (56.0 kHz d)
[    10.217] (II) modeset(0): Modeline "800x450"x119.6   48.75  800 824 840 880  450 451 454 463 doublescan +hsync -vsync (55.4 kHz d)
[    10.217] (II) modeset(0): Modeline "640x512"x120.0   54.00  640 664 720 844  512 512 514 533 doublescan +hsync +vsync (64.0 kHz d)
[    10.217] (II) modeset(0): Modeline "700x450"x119.9   51.75  700 740 812 924  450 451 456 467 doublescan -hsync +vsync (56.0 kHz d)
[    10.217] (II) modeset(0): Modeline "700x450"x119.8   43.25  700 724 740 780  450 451 456 463 doublescan +hsync -vsync (55.4 kHz d)
[    10.217] (II) modeset(0): Modeline "640x480"x120.0   54.00  640 688 744 900  480 480 482 500 doublescan +hsync +vsync (60.0 kHz d)
[    10.217] (II) modeset(0): Modeline "640x480"x59.9   25.18  640 656 752 800  480 490 492 525 -hsync -vsync (31.5 kHz d)
[    10.217] (II) modeset(0): Modeline "720x405"x59.5   22.50  720 744 808 896  405 408 413 422 -hsync +vsync (25.1 kHz d)
[    10.217] (II) modeset(0): Modeline "720x405"x59.0   21.75  720 768 800 880  405 408 413 419 +hsync -vsync (24.7 kHz d)
[    10.217] (II) modeset(0): Modeline "684x384"x119.8   42.62  684 720 788 892  384 385 390 399 doublescan -hsync +vsync (47.8 kHz d)
[    10.217] (II) modeset(0): Modeline "684x384"x119.7   36.12  684 708 724 764  384 385 390 395 doublescan +hsync -vsync (47.3 kHz d)
[    10.217] (II) modeset(0): Modeline "640x400"x119.8   41.75  640 676 740 840  400 401 404 415 doublescan -hsync +vsync (49.7 kHz d)
[    10.217] (II) modeset(0): Modeline "640x400"x120.0   35.50  640 664 680 720  400 401 404 411 doublescan +hsync -vsync (49.3 kHz d)
[    10.217] (II) modeset(0): Modeline "640x360"x119.7   37.25  640 672 736 832  360 361 364 374 doublescan -hsync +vsync (44.8 kHz d)
[    10.217] (II) modeset(0): Modeline "640x360"x119.7   31.88  640 664 680 720  360 361 364 370 doublescan +hsync -vsync (44.3 kHz d)
[    10.217] (II) modeset(0): Modeline "640x360"x59.8   18.00  640 664 720 800  360 363 368 376 -hsync +vsync (22.5 kHz d)
[    10.217] (II) modeset(0): Modeline "640x360"x59.3   17.75  640 688 720 800  360 363 368 374 +hsync -vsync (22.2 kHz d)
[    10.217] (II) modeset(0): Modeline "512x384"x120.0   32.50  512 524 592 672  384 385 388 403 doublescan -hsync -vsync (48.4 kHz d)
[    10.217] (II) modeset(0): Modeline "512x288"x120.0   23.25  512 532 580 648  288 289 292 299 doublescan -hsync +vsync (35.9 kHz d)
[    10.217] (II) modeset(0): Modeline "512x288"x119.8   21.00  512 536 552 592  288 289 292 296 doublescan +hsync -vsync (35.5 kHz d)
[    10.217] (II) modeset(0): Modeline "480x270"x119.3   20.38  480 496 544 608  270 271 274 281 doublescan -hsync +vsync (33.5 kHz d)
[    10.217] (II) modeset(0): Modeline "480x270"x119.6   18.62  480 504 520 560  270 271 274 278 doublescan +hsync -vsync (33.3 kHz d)
[    10.217] (II) modeset(0): Modeline "400x300"x120.6   20.00  400 420 484 528  300 300 302 314 doublescan +hsync +vsync (37.9 kHz d)
[    10.217] (II) modeset(0): Modeline "400x300"x112.7   18.00  400 412 448 512  300 300 301 312 doublescan +hsync +vsync (35.2 kHz d)
[    10.217] (II) modeset(0): Modeline "432x243"x119.8   16.25  432 444 484 536  243 244 247 253 doublescan -hsync +vsync (30.3 kHz d)
[    10.217] (II) modeset(0): Modeline "432x243"x119.1   15.25  432 456 472 512  243 244 247 250 doublescan +hsync -vsync (29.8 kHz d)
[    10.217] (II) modeset(0): Modeline "320x240"x120.1   12.59  320 328 376 400  240 245 246 262 doublescan -hsync -vsync (31.5 kHz d)
[    10.217] (II) modeset(0): Modeline "360x202"x119.0   11.25  360 372 404 448  202 204 206 211 doublescan -hsync +vsync (25.1 kHz d)
[    10.217] (II) modeset(0): Modeline "360x202"x118.3   10.88  360 384 400 440  202 204 206 209 doublescan +hsync -vsync (24.7 kHz d)
[    10.217] (II) modeset(0): Modeline "320x180"x119.7    9.00  320 332 360 400  180 181 184 188 doublescan -hsync +vsync (22.5 kHz d)
[    10.217] (II) modeset(0): Modeline "320x180"x118.6    8.88  320 344 360 400  180 181 184 187 doublescan +hsync -vsync (22.2 kHz d)
[    10.217] (II) modeset(0): EDID for output HDMI-1
[    10.217] (II) modeset(0): EDID for output DP-1
[    10.217] (II) modeset(0): EDID for output HDMI-2
[    10.217] (II) modeset(0): Output eDP-1 connected
[    10.217] (II) modeset(0): Output HDMI-1 disconnected
[    10.217] (II) modeset(0): Output DP-1 disconnected
[    10.217] (II) modeset(0): Output HDMI-2 disconnected
[    10.217] (II) modeset(0): Using exact sizes for initial modes
[    10.217] (II) modeset(0): Output eDP-1 using initial mode 1920x1080 +0+0
[    10.217] (==) modeset(0): Using gamma correction (1.0, 1.0, 1.0)
[    10.217] (==) modeset(0): DPI set to (96, 96)
[    10.217] (II) Loading sub module "fb"
[    10.217] (II) LoadModule: "fb"
[    10.217] (II) Module "fb" already built-in
[    10.217] (II) UnloadModule: "vesa"
[    10.217] (II) Unloading vesa
[    10.248] (==) modeset(0): Backing store enabled
[    10.248] (==) modeset(0): Silken mouse enabled
[    10.320] (II) modeset(0): Initializing kms color map for depth 24, 8 bpc.
[    10.321] (==) modeset(0): DPMS enabled
[    10.321] (II) modeset(0): [DRI2] Setup complete
[    10.321] (II) modeset(0): [DRI2]   DRI driver: iris
[    10.321] (II) modeset(0): [DRI2]   VDPAU driver: va_gl
[    10.321] (II) Initializing extension Generic Event Extension
[    10.321] (II) Initializing extension SHAPE
[    10.322] (II) Initializing extension MIT-SHM
[    10.322] (II) Initializing extension XInputExtension
[    10.323] (II) Initializing extension XTEST
[    10.323] (II) Initializing extension BIG-REQUESTS
[    10.323] (II) Initializing extension SYNC
[    10.324] (II) Initializing extension XKEYBOARD
[    10.324] (II) Initializing extension XC-MISC
[    10.324] (II) Initializing extension SECURITY
[    10.325] (II) Initializing extension XFIXES
[    10.325] (II) Initializing extension RENDER
[    10.326] (II) Initializing extension RANDR
[    10.326] (II) Initializing extension COMPOSITE
[    10.327] (II) Initializing extension DAMAGE
[    10.327] (II) Initializing extension MIT-SCREEN-SAVER
[    10.327] (II) Initializing extension DOUBLE-BUFFER
[    10.328] (II) Initializing extension RECORD
[    10.328] (II) Initializing extension DPMS
[    10.328] (II) Initializing extension Present
[    10.329] (II) Initializing extension DRI3
[    10.329] (II) Initializing extension X-Resource
[    10.330] (II) Initializing extension XVideo
[    10.330] (II) Initializing extension XVideo-MotionCompensation
[    10.330] (II) Initializing extension GLX
[    10.343] (II) AIGLX: Loaded and initialized iris
[    10.343] (II) GLX: Initialized DRI2 GL provider for screen 0
[    10.343] (II) Initializing extension XFree86-VidModeExtension
[    10.343] (II) Initializing extension XFree86-DGA
[    10.344] (II) Initializing extension XFree86-DRI
[    10.344] (II) Initializing extension DRI2
[    10.344] (II) modeset(0): Damage tracking initialized
[    10.344] (II) modeset(0): Setting screen physical size to 508 x 285
[    10.440] (II) config/udev: Adding input device Power Button (/dev/input/event3)
[    10.440] (**) Power Button: Applying InputClass "libinput keyboard catchall"
[    10.440] (**) Power Button: Applying InputClass "system-keyboard"
[    10.440] (II) LoadModule: "libinput"
[    10.440] (II) Loading /usr/lib/xorg/modules/input/libinput_drv.so
[    10.444] (II) Module libinput: vendor="X.Org Foundation"
[    10.444] 	compiled for 1.21.1.8, module version = 1.4.0
[    10.444] 	Module class: X.Org XInput Driver
[    10.444] 	ABI class: X.Org XInput driver, version 24.4
[    10.444] (II) Using input driver 'libinput' for 'Power Button'
[    10.445] (II) systemd-logind: got fd for /dev/input/event3 13:67 fd 27 paused 0
[    10.445] (**) Power Button: always reports core events
[    10.445] (**) Option "Device" "/dev/input/event3"
[    10.450] (II) event3  - Power Button: is tagged by udev as: Keyboard
[    10.450] (II) event3  - Power Button: device is a keyboard
[    10.450] (II) event3  - Power Button: device removed
[    10.450] (**) Option "config_info" "udev:/sys/devices/LNXSYSTM:00/LNXPWRBN:00/input/input3/event3"
[    10.450] (II) XINPUT: Adding extended input device "Power Button" (type: KEYBOARD, id 6)
[    10.450] (**) Option "xkb_model" "pc105+inet"
[    10.450] (**) Option "xkb_layout" "us"
[    10.450] (**) Option "xkb_options" "terminate:ctrl_alt_bksp"
[    10.472] (II) event3  - Power Button: is tagged by udev as: Keyboard
[    10.472] (II) event3  - Power Button: device is a keyboard
[    10.473] (II) config/udev: Adding input device Video Bus (/dev/input/event15)
[    10.473] (**) Video Bus: Applying InputClass "libinput keyboard catchall"
[    10.473] (**) Video Bus: Applying InputClass "system-keyboard"
[    10.473] (II) Using input driver 'libinput' for 'Video Bus'
[    10.474] (II) systemd-logind: got fd for /dev/input/event15 13:79 fd 30 paused 0
[    10.474] (**) Video Bus: always reports core events
[    10.474] (**) Option "Device" "/dev/input/event15"
[    10.475] (II) event15 - Video Bus: is tagged by udev as: Keyboard
[    10.475] (II) event15 - Video Bus: device is a keyboard
[    10.475] (II) event15 - Video Bus: device removed
[    10.475] (**) Option "config_info" "udev:/sys/devices/LNXSYSTM:00/LNXSYBUS:00/PNP0A08:00/LNXVIDEO:00/input/input18/event15"
[    10.475] (II) XINPUT: Adding extended input device "Video Bus" (type: KEYBOARD, id 7)
[    10.475] (**) Option "xkb_model" "pc105+inet"
[    10.475] (**) Option "xkb_layout" "us"
[    10.475] (**) Option "xkb_options" "terminate:ctrl_alt_bksp"
[    10.476] (II) event15 - Video Bus: is tagged by udev as: Keyboard
[    10.476] (II) event15 - Video Bus: device is a keyboard
[    10.477] (II) config/udev: Adding input device Lid Switch (/dev/input/event0)
[    10.477] (II) No input driver specified, ignoring this device.
[    10.477] (II) This device may have been added with another device file.
[    10.477] (II) config/udev: Adding input device Power Button (/dev/input/event2)
[    10.477] (**) Power Button: Applying InputClass "libinput keyboard catchall"
[    10.477] (**) Power Button: Applying InputClass "system-keyboard"
[    10.477] (II) Using input driver 'libinput' for 'Power Button'
[    10.478] (II) systemd-logind: got fd for /dev/input/event2 13:66 fd 31 paused 0
[    10.478] (**) Power Button: always reports core events
[    10.478] (**) Option "Device" "/dev/input/event2"
[    10.479] (II) event2  - Power Button: is tagged by udev as: Keyboard
[    10.479] (II) event2  - Power Button: device is a keyboard
[    10.479] (II) event2  - Power Button: device removed
[    10.479] (**) Option "config_info" "udev:/sys/devices/LNXSYSTM:00/LNXSYBUS:00/PNP0C0C:00/input/input2/event2"
[    10.479] (II) XINPUT: Adding extended input device "Power Button" (type: KEYBOARD, id 8)
[    10.479] (**) Option "xkb_model" "pc105+inet"
[    10.479] (**) Option "xkb_layout" "us"
[    10.479] (**) Option "xkb_options" "terminate:ctrl_alt_bksp"
[    10.480] (II) event2  - Power Button: is tagged by udev as: Keyboard
[    10.480] (II) event2  - Power Button: device is a keyboard
[    10.481] (II) config/udev: Adding input device Sleep Button (/dev/input/event1)
[    10.481] (**) Sleep Button: Applying InputClass "libinput keyboard catchall"
[    10.481] (**) Sleep Button: Applying InputClass "system-keyboard"
[    10.481] (II) Using input driver 'libinput' for 'Sleep Button'
[    10.481] (II) systemd-logind: got fd for /dev/input/event1 13:65 fd 32 paused 0
[    10.482] (**) Sleep Button: always reports core events
[    10.482] (**) Option "Device" "/dev/input/event1"
[    10.482] (II) event1  - Sleep Button: is tagged by udev as: Keyboard
[    10.482] (II) event1  - Sleep Button: device is a keyboard
[    10.483] (II) event1  - Sleep Button: device removed
[    10.483] (**) Option "config_info" "udev:/sys/devices/LNXSYSTM:00/LNXSYBUS:00/PNP0C0E:00/input/input1/event1"
[    10.483] (II) XINPUT: Adding extended input device "Sleep Button" (type: KEYBOARD, id 9)
[    10.483] (**) Option "xkb_model" "pc105+inet"
[    10.483] (**) Option "xkb_layout" "us"
[    10.483] (**) Option "xkb_options" "terminate:ctrl_alt_bksp"
[    10.483] (II) event1  - Sleep Button: is tagged by udev as: Keyboard
[    10.484] (II) event1  - Sleep Button: device is a keyboard
[    10.485] (II) config/udev: Adding input device CX 2.4G Receiver (/dev/input/event7)
[    10.485] (**) CX 2.4G Receiver: Applying InputClass "libinput keyboard catchall"
[    10.485] (**) CX 2.4G Receiver: Applying InputClass "system-keyboard"
[    10.485] (II) Using input driver 'libinput' for 'CX 2.4G Receiver'
[    10.486] (II) systemd-logind: got fd for /dev/input/event7 13:71 fd 33 paused 0
[    10.486] (**) CX 2.4G Receiver: always reports core events
[    10.486] (**) Option "Device" "/dev/input/event7"
[    10.487] (II) event7  - CX 2.4G Receiver: is tagged by udev as: Keyboard
[    10.487] (II) event7  - CX 2.4G Receiver: device is a keyboard
[    10.487] (II) event7  - CX 2.4G Receiver: device removed
[    10.487] (**) Option "config_info" "udev:/sys/devices/pci0000:00/0000:00:14.0/usb1/1-3/1-3:1.0/0003:25A7:FA67.0001/input/input7/event7"
[    10.487] (II) XINPUT: Adding extended input device "CX 2.4G Receiver" (type: KEYBOARD, id 10)
[    10.487] (**) Option "xkb_model" "pc105+inet"
[    10.487] (**) Option "xkb_layout" "us"
[    10.487] (**) Option "xkb_options" "terminate:ctrl_alt_bksp"
[    10.489] (II) event7  - CX 2.4G Receiver: is tagged by udev as: Keyboard
[    10.489] (II) event7  - CX 2.4G Receiver: device is a keyboard
[    10.490] (II) config/udev: Adding input device CX 2.4G Receiver (/dev/input/event10)
[    10.490] (II) No input driver specified, ignoring this device.
[    10.490] (II) This device may have been added with another device file.
[    10.491] (II) config/udev: Adding input device CX 2.4G Receiver Consumer Control (/dev/input/event11)
[    10.491] (**) CX 2.4G Receiver Consumer Control: Applying InputClass "libinput keyboard catchall"
[    10.491] (**) CX 2.4G Receiver Consumer Control: Applying InputClass "system-keyboard"
[    10.491] (II) Using input driver 'libinput' for 'CX 2.4G Receiver Consumer Control'
[    10.492] (II) systemd-logind: got fd for /dev/input/event11 13:75 fd 34 paused 0
[    10.492] (**) CX 2.4G Receiver Consumer Control: always reports core events
[    10.492] (**) Option "Device" "/dev/input/event11"
[    10.493] (II) event11 - CX 2.4G Receiver Consumer Control: is tagged by udev as: Keyboard
[    10.493] (II) event11 - CX 2.4G Receiver Consumer Control: device is a keyboard
[    10.493] (II) event11 - CX 2.4G Receiver Consumer Control: device removed
[    10.494] (II) libinput: CX 2.4G Receiver Consumer Control: needs a virtual subdevice
[    10.494] (**) Option "config_info" "udev:/sys/devices/pci0000:00/0000:00:14.0/usb1/1-3/1-3:1.1/0003:25A7:FA67.0002/input/input11/event11"
[    10.494] (II) XINPUT: Adding extended input device "CX 2.4G Receiver Consumer Control" (type: MOUSE, id 11)
[    10.494] (**) Option "AccelerationScheme" "none"
[    10.494] (**) CX 2.4G Receiver Consumer Control: (accel) selected scheme none/0
[    10.494] (**) CX 2.4G Receiver Consumer Control: (accel) acceleration factor: 2.000
[    10.494] (**) CX 2.4G Receiver Consumer Control: (accel) acceleration threshold: 4
[    10.495] (II) event11 - CX 2.4G Receiver Consumer Control: is tagged by udev as: Keyboard
[    10.495] (II) event11 - CX 2.4G Receiver Consumer Control: device is a keyboard
[    10.496] (II) config/udev: Adding input device CX 2.4G Receiver System Control (/dev/input/event12)
[    10.496] (**) CX 2.4G Receiver System Control: Applying InputClass "libinput keyboard catchall"
[    10.496] (**) CX 2.4G Receiver System Control: Applying InputClass "system-keyboard"
[    10.496] (II) Using input driver 'libinput' for 'CX 2.4G Receiver System Control'
[    10.497] (II) systemd-logind: got fd for /dev/input/event12 13:76 fd 35 paused 0
[    10.497] (**) CX 2.4G Receiver System Control: always reports core events
[    10.497] (**) Option "Device" "/dev/input/event12"
[    10.498] (II) event12 - CX 2.4G Receiver System Control: is tagged by udev as: Keyboard
[    10.498] (II) event12 - CX 2.4G Receiver System Control: device is a keyboard
[    10.498] (II) event12 - CX 2.4G Receiver System Control: device removed
[    10.498] (**) Option "config_info" "udev:/sys/devices/pci0000:00/0000:00:14.0/usb1/1-3/1-3:1.1/0003:25A7:FA67.0002/input/input12/event12"
[    10.498] (II) XINPUT: Adding extended input device "CX 2.4G Receiver System Control" (type: KEYBOARD, id 12)
[    10.498] (**) Option "xkb_model" "pc105+inet"
[    10.498] (**) Option "xkb_layout" "us"
[    10.498] (**) Option "xkb_options" "terminate:ctrl_alt_bksp"
[    10.500] (II) event12 - CX 2.4G Receiver System Control: is tagged by udev as: Keyboard
[    10.500] (II) event12 - CX 2.4G Receiver System Control: device is a keyboard
[    10.501] (II) config/udev: Adding input device CX 2.4G Receiver Mouse (/dev/input/event9)
[    10.501] (**) CX 2.4G Receiver Mouse: Applying InputClass "libinput pointer catchall"
[    10.501] (II) Using input driver 'libinput' for 'CX 2.4G Receiver Mouse'
[    10.502] (II) systemd-logind: got fd for /dev/input/event9 13:73 fd 36 paused 0
[    10.502] (**) CX 2.4G Receiver Mouse: always reports core events
[    10.502] (**) Option "Device" "/dev/input/event9"
[    10.503] (II) event9  - CX 2.4G Receiver Mouse: is tagged by udev as: Mouse
[    10.503] (II) event9  - CX 2.4G Receiver Mouse: device is a pointer
[    10.504] (II) event9  - CX 2.4G Receiver Mouse: device removed
[    10.504] (II) libinput: CX 2.4G Receiver Mouse: Step value 0 was provided, libinput Fallback acceleration function is used.
[    10.504] (II) libinput: CX 2.4G Receiver Mouse: Step value 0 was provided, libinput Fallback acceleration function is used.
[    10.504] (II) libinput: CX 2.4G Receiver Mouse: Step value 0 was provided, libinput Fallback acceleration function is used.
[    10.504] (**) Option "config_info" "udev:/sys/devices/pci0000:00/0000:00:14.0/usb1/1-3/1-3:1.1/0003:25A7:FA67.0002/input/input9/event9"
[    10.504] (II) XINPUT: Adding extended input device "CX 2.4G Receiver Mouse" (type: MOUSE, id 13)
[    10.504] (**) Option "AccelerationScheme" "none"
[    10.504] (**) CX 2.4G Receiver Mouse: (accel) selected scheme none/0
[    10.504] (**) CX 2.4G Receiver Mouse: (accel) acceleration factor: 2.000
[    10.504] (**) CX 2.4G Receiver Mouse: (accel) acceleration threshold: 4
[    10.505] (II) event9  - CX 2.4G Receiver Mouse: is tagged by udev as: Mouse
[    10.505] (II) event9  - CX 2.4G Receiver Mouse: device is a pointer
[    10.506] (II) config/udev: Adding input device CX 2.4G Receiver Mouse (/dev/input/mouse0)
[    10.506] (II) No input driver specified, ignoring this device.
[    10.506] (II) This device may have been added with another device file.
[    10.507] (II) config/udev: Adding input device MSFT0001:00 0911:5288 Mouse (/dev/input/event13)
[    10.507] (**) MSFT0001:00 0911:5288 Mouse: Applying InputClass "libinput pointer catchall"
[    10.507] (II) Using input driver 'libinput' for 'MSFT0001:00 0911:5288 Mouse'
[    10.508] (II) systemd-logind: got fd for /dev/input/event13 13:77 fd 37 paused 0
[    10.508] (**) MSFT0001:00 0911:5288 Mouse: always reports core events
[    10.508] (**) Option "Device" "/dev/input/event13"
[    10.509] (II) event13 - MSFT0001:00 0911:5288 Mouse: is tagged by udev as: Mouse Pointingstick
[    10.509] (II) event13 - MSFT0001:00 0911:5288 Mouse: device is a pointer
[    10.510] (II) event13 - MSFT0001:00 0911:5288 Mouse: device removed
[    10.510] (II) libinput: MSFT0001:00 0911:5288 Mouse: Step value 0 was provided, libinput Fallback acceleration function is used.
[    10.510] (II) libinput: MSFT0001:00 0911:5288 Mouse: Step value 0 was provided, libinput Fallback acceleration function is used.
[    10.510] (II) libinput: MSFT0001:00 0911:5288 Mouse: Step value 0 was provided, libinput Fallback acceleration function is used.
[    10.510] (**) Option "config_info" "udev:/sys/devices/pci0000:00/0000:00:15.0/i2c_designware.0/i2c-1/i2c-MSFT0001:00/0018:0911:5288.0003/input/input16/event13"
[    10.510] (II) XINPUT: Adding extended input device "MSFT0001:00 0911:5288 Mouse" (type: MOUSE, id 14)
[    10.510] (**) Option "AccelerationScheme" "none"
[    10.511] (**) MSFT0001:00 0911:5288 Mouse: (accel) selected scheme none/0
[    10.511] (**) MSFT0001:00 0911:5288 Mouse: (accel) acceleration factor: 2.000
[    10.511] (**) MSFT0001:00 0911:5288 Mouse: (accel) acceleration threshold: 4
[    10.512] (II) event13 - MSFT0001:00 0911:5288 Mouse: is tagged by udev as: Mouse Pointingstick
[    10.512] (II) event13 - MSFT0001:00 0911:5288 Mouse: device is a pointer
[    10.513] (II) config/udev: Adding input device MSFT0001:00 0911:5288 Mouse (/dev/input/mouse1)
[    10.513] (II) No input driver specified, ignoring this device.
[    10.513] (II) This device may have been added with another device file.
[    10.514] (II) config/udev: Adding input device MSFT0001:00 0911:5288 Touchpad (/dev/input/event14)
[    10.514] (**) MSFT0001:00 0911:5288 Touchpad: Applying InputClass "libinput touchpad catchall"
[    10.514] (II) Using input driver 'libinput' for 'MSFT0001:00 0911:5288 Touchpad'
[    10.515] (II) systemd-logind: got fd for /dev/input/event14 13:78 fd 38 paused 0
[    10.515] (**) MSFT0001:00 0911:5288 Touchpad: always reports core events
[    10.515] (**) Option "Device" "/dev/input/event14"
[    10.516] (II) event14 - MSFT0001:00 0911:5288 Touchpad: is tagged by udev as: Touchpad
[    10.518] (II) event14 - MSFT0001:00 0911:5288 Touchpad: device is a touchpad
[    10.518] (II) event14 - MSFT0001:00 0911:5288 Touchpad: device removed
[    10.518] (II) libinput: MSFT0001:00 0911:5288 Touchpad: Step value 0 was provided, libinput Fallback acceleration function is used.
[    10.518] (II) libinput: MSFT0001:00 0911:5288 Touchpad: Step value 0 was provided, libinput Fallback acceleration function is used.
[    10.518] (II) libinput: MSFT0001:00 0911:5288 Touchpad: Step value 0 was provided, libinput Fallback acceleration function is used.
[    10.519] (**) Option "config_info" "udev:/sys/devices/pci0000:00/0000:00:15.0/i2c_designware.0/i2c-1/i2c-MSFT0001:00/0018:0911:5288.0003/input/input17/event14"
[    10.519] (II) XINPUT: Adding extended input device "MSFT0001:00 0911:5288 Touchpad" (type: TOUCHPAD, id 15)
[    10.520] (**) Option "AccelerationScheme" "none"
[    10.520] (**) MSFT0001:00 0911:5288 Touchpad: (accel) selected scheme none/0
[    10.520] (**) MSFT0001:00 0911:5288 Touchpad: (accel) acceleration factor: 2.000
[    10.520] (**) MSFT0001:00 0911:5288 Touchpad: (accel) acceleration threshold: 4
[    10.521] (II) event14 - MSFT0001:00 0911:5288 Touchpad: is tagged by udev as: Touchpad
[    10.523] (II) event14 - MSFT0001:00 0911:5288 Touchpad: device is a touchpad
[    10.524] (II) config/udev: Adding input device MSFT0001:00 0911:5288 Touchpad (/dev/input/mouse2)
[    10.524] (II) No input driver specified, ignoring this device.
[    10.524] (II) This device may have been added with another device file.
[    10.525] (II) config/udev: Adding input device sof-essx8336 Headset (/dev/input/event16)
[    10.525] (**) sof-essx8336 Headset: Applying InputClass "libinput keyboard catchall"
[    10.525] (**) sof-essx8336 Headset: Applying InputClass "system-keyboard"
[    10.525] (II) Using input driver 'libinput' for 'sof-essx8336 Headset'
[    10.526] (II) systemd-logind: got fd for /dev/input/event16 13:80 fd 39 paused 0
[    10.526] (**) sof-essx8336 Headset: always reports core events
[    10.526] (**) Option "Device" "/dev/input/event16"
[    10.527] (II) event16 - sof-essx8336 Headset: is tagged by udev as: Keyboard Switch
[    10.527] (II) event16 - sof-essx8336 Headset: device is a keyboard
[    10.527] (II) event16 - sof-essx8336 Headset: device removed
[    10.527] (**) Option "config_info" "udev:/sys/devices/pci0000:00/0000:00:1f.3/sof-essx8336/sound/card0/input19/event16"
[    10.527] (II) XINPUT: Adding extended input device "sof-essx8336 Headset" (type: KEYBOARD, id 16)
[    10.527] (**) Option "xkb_model" "pc105+inet"
[    10.527] (**) Option "xkb_layout" "us"
[    10.527] (**) Option "xkb_options" "terminate:ctrl_alt_bksp"
[    10.528] (II) event16 - sof-essx8336 Headset: is tagged by udev as: Keyboard Switch
[    10.528] (II) event16 - sof-essx8336 Headset: device is a keyboard
[    10.529] (II) config/udev: Adding input device sof-essx8336 HDMI/DP,pcm=5 (/dev/input/event17)
[    10.529] (II) No input driver specified, ignoring this device.
[    10.529] (II) This device may have been added with another device file.
[    10.529] (II) config/udev: Adding input device sof-essx8336 HDMI/DP,pcm=6 (/dev/input/event18)
[    10.529] (II) No input driver specified, ignoring this device.
[    10.529] (II) This device may have been added with another device file.
[    10.529] (II) config/udev: Adding input device sof-essx8336 HDMI/DP,pcm=7 (/dev/input/event19)
[    10.529] (II) No input driver specified, ignoring this device.
[    10.529] (II) This device may have been added with another device file.
[    10.530] (II) config/udev: Adding input device Intel HID events (/dev/input/event5)
[    10.530] (**) Intel HID events: Applying InputClass "libinput keyboard catchall"
[    10.530] (**) Intel HID events: Applying InputClass "system-keyboard"
[    10.530] (II) Using input driver 'libinput' for 'Intel HID events'
[    10.531] (II) systemd-logind: got fd for /dev/input/event5 13:69 fd 40 paused 0
[    10.531] (**) Intel HID events: always reports core events
[    10.531] (**) Option "Device" "/dev/input/event5"
[    10.531] (II) event5  - Intel HID events: is tagged by udev as: Keyboard
[    10.531] (II) event5  - Intel HID events: device is a keyboard
[    10.532] (II) event5  - Intel HID events: device removed
[    10.532] (**) Option "config_info" "udev:/sys/devices/platform/INTC1051:00/input/input5/event5"
[    10.532] (II) XINPUT: Adding extended input device "Intel HID events" (type: KEYBOARD, id 17)
[    10.532] (**) Option "xkb_model" "pc105+inet"
[    10.532] (**) Option "xkb_layout" "us"
[    10.532] (**) Option "xkb_options" "terminate:ctrl_alt_bksp"
[    10.532] (II) event5  - Intel HID events: is tagged by udev as: Keyboard
[    10.533] (II) event5  - Intel HID events: device is a keyboard
[    10.533] (II) config/udev: Adding input device Intel HID 5 button array (/dev/input/event6)
[    10.533] (**) Intel HID 5 button array: Applying InputClass "libinput keyboard catchall"
[    10.533] (**) Intel HID 5 button array: Applying InputClass "system-keyboard"
[    10.533] (II) Using input driver 'libinput' for 'Intel HID 5 button array'
[    10.534] (II) systemd-logind: got fd for /dev/input/event6 13:70 fd 41 paused 0
[    10.534] (**) Intel HID 5 button array: always reports core events
[    10.534] (**) Option "Device" "/dev/input/event6"
[    10.535] (II) event6  - Intel HID 5 button array: is tagged by udev as: Keyboard
[    10.535] (II) event6  - Intel HID 5 button array: device is a keyboard
[    10.535] (II) event6  - Intel HID 5 button array: device removed
[    10.535] (**) Option "config_info" "udev:/sys/devices/platform/INTC1051:00/input/input6/event6"
[    10.535] (II) XINPUT: Adding extended input device "Intel HID 5 button array" (type: KEYBOARD, id 18)
[    10.535] (**) Option "xkb_model" "pc105+inet"
[    10.535] (**) Option "xkb_layout" "us"
[    10.535] (**) Option "xkb_options" "terminate:ctrl_alt_bksp"
[    10.536] (II) event6  - Intel HID 5 button array: is tagged by udev as: Keyboard
[    10.536] (II) event6  - Intel HID 5 button array: device is a keyboard
[    10.537] (II) config/udev: Adding input device AT Translated Set 2 keyboard (/dev/input/event4)
[    10.537] (**) AT Translated Set 2 keyboard: Applying InputClass "libinput keyboard catchall"
[    10.537] (**) AT Translated Set 2 keyboard: Applying InputClass "system-keyboard"
[    10.537] (II) Using input driver 'libinput' for 'AT Translated Set 2 keyboard'
[    10.538] (II) systemd-logind: got fd for /dev/input/event4 13:68 fd 42 paused 0
[    10.538] (**) AT Translated Set 2 keyboard: always reports core events
[    10.538] (**) Option "Device" "/dev/input/event4"
[    10.538] (II) event4  - AT Translated Set 2 keyboard: is tagged by udev as: Keyboard
[    10.539] (II) event4  - AT Translated Set 2 keyboard: device is a keyboard
[    10.540] (II) event4  - AT Translated Set 2 keyboard: device removed
[    10.540] (**) Option "config_info" "udev:/sys/devices/platform/i8042/serio0/input/input4/event4"
[    10.540] (II) XINPUT: Adding extended input device "AT Translated Set 2 keyboard" (type: KEYBOARD, id 19)
[    10.540] (**) Option "xkb_model" "pc105+inet"
[    10.540] (**) Option "xkb_layout" "us"
[    10.540] (**) Option "xkb_options" "terminate:ctrl_alt_bksp"
[    10.541] (II) event4  - AT Translated Set 2 keyboard: is tagged by udev as: Keyboard
[    10.541] (II) event4  - AT Translated Set 2 keyboard: device is a keyboard
[    10.543] (II) config/udev: Adding input device PC Speaker (/dev/input/event8)
[    10.543] (II) No input driver specified, ignoring this device.
[    10.543] (II) This device may have been added with another device file.
[    10.552] (**) CX 2.4G Receiver Consumer Control: Applying InputClass "libinput keyboard catchall"
[    10.552] (**) CX 2.4G Receiver Consumer Control: Applying InputClass "system-keyboard"
[    10.552] (II) Using input driver 'libinput' for 'CX 2.4G Receiver Consumer Control'
[    10.552] (II) systemd-logind: returning pre-existing fd for /dev/input/event11 13:75
[    10.552] (**) CX 2.4G Receiver Consumer Control: always reports core events
[    10.552] (**) Option "Device" "/dev/input/event11"
[    10.552] (II) libinput: CX 2.4G Receiver Consumer Control: is a virtual subdevice
[    10.552] (**) Option "config_info" "udev:/sys/devices/pci0000:00/0000:00:14.0/usb1/1-3/1-3:1.1/0003:25A7:FA67.0002/input/input11/event11"
[    10.552] (II) XINPUT: Adding extended input device "CX 2.4G Receiver Consumer Control" (type: KEYBOARD, id 20)
[    10.552] (**) Option "xkb_model" "pc105+inet"
[    10.552] (**) Option "xkb_layout" "us"
[    10.552] (**) Option "xkb_options" "terminate:ctrl_alt_bksp"
[    10.660] (**) Option "fd" "38"
[    10.660] (II) event14 - MSFT0001:00 0911:5288 Touchpad: device removed
[  1365.318] (EE) event9  - CX 2.4G Receiver Mouse: client bug: event processing lagging behind by 27ms, your system is too slow
[  2001.669] (II) modeset(0): EDID vendor "HKC", prod id 15611
[  2001.669] (II) modeset(0): Printing DDC gathered Modelines:
[  2001.669] (II) modeset(0): Modeline "1920x1080"x0.0  152.57  1920 1968 2000 2192  1080 1083 1089 1160 -hsync -vsync (69.6 kHz eP)
[  2001.670] (II) modeset(0): Modeline "1920x1080"x0.0  101.71  1920 1968 2000 2192  1080 1083 1089 1160 -hsync -vsync (46.4 kHz e)
