2023-10-29T22:37:46.607Z [Modules] Modules initializing
2023-10-29T22:37:46.608Z [Modules] Distribution: remote
2023-10-29T22:37:46.608Z [Modules] Host updates: enabled
2023-10-29T22:37:46.608Z [Modules] Module updates: enabled
2023-10-29T22:37:46.609Z [Modules] Module install path: /home/braeden/.config/discord/0.0.32/modules
2023-10-29T22:37:46.609Z [Modules] Module installed file path: /home/braeden/.config/discord/0.0.32/modules/installed.json
2023-10-29T22:37:46.610Z [Modules] Module download path: /home/braeden/.config/discord/0.0.32/modules/pending
2023-10-29T22:37:46.874Z [Modules] Bootstrapping...
2023-10-29T22:37:46.875Z [Modules] Installing discord_desktop_core@0 from /home/braeden/Downloads/apps/Discord/resources/bootstrap/discord_desktop_core.zip
2023-10-29T22:37:46.881Z [Modules] Failed installing discord_desktop_core@0: Error: ENOENT: no such file or directory, open '/home/braeden/Downloads/apps/Discord/resources/bootstrap/discord_desktop_core.zip'
2023-10-29T22:37:46.882Z [Modules] Installing discord_erlpack@0 from /home/braeden/Downloads/apps/Discord/resources/bootstrap/discord_erlpack.zip
2023-10-29T22:37:46.884Z [Modules] Failed installing discord_erlpack@0: Error: ENOENT: no such file or directory, open '/home/braeden/Downloads/apps/Discord/resources/bootstrap/discord_erlpack.zip'
2023-10-29T22:37:46.885Z [Modules] Installing discord_spellcheck@0 from /home/braeden/Downloads/apps/Discord/resources/bootstrap/discord_spellcheck.zip
2023-10-29T22:37:46.886Z [Modules] Failed installing discord_spellcheck@0: Error: ENOENT: no such file or directory, open '/home/braeden/Downloads/apps/Discord/resources/bootstrap/discord_spellcheck.zip'
2023-10-29T22:37:46.887Z [Modules] Installing discord_utils@0 from /home/braeden/Downloads/apps/Discord/resources/bootstrap/discord_utils.zip
2023-10-29T22:37:46.891Z [Modules] Failed installing discord_utils@0: Error: ENOENT: no such file or directory, open '/home/braeden/Downloads/apps/Discord/resources/bootstrap/discord_utils.zip'
2023-10-29T22:37:46.892Z [Modules] Installing discord_voice@0 from /home/braeden/Downloads/apps/Discord/resources/bootstrap/discord_voice.zip
2023-10-29T22:37:46.894Z [Modules] Failed installing discord_voice@0: Error: ENOENT: no such file or directory, open '/home/braeden/Downloads/apps/Discord/resources/bootstrap/discord_voice.zip'
2023-10-29T22:37:46.894Z [Modules] Finished module installations. [success: 0] [failure: 5]
2023-10-29T22:37:46.895Z [Modules] Checking for host updates.
2023-10-29T22:37:47.164Z [Modules] Host is up to date.
2023-10-29T22:37:47.165Z [Modules] Checking for module updates at https://discord.com/api/modules/stable/versions.json
2023-10-29T22:37:47.228Z [Modules] Module update available: discord_desktop_core@1 [installed: 0]
2023-10-29T22:37:47.229Z [Modules] Module update available: discord_erlpack@1 [installed: 0]
2023-10-29T22:37:47.229Z [Modules] Module update available: discord_spellcheck@1 [installed: 0]
2023-10-29T22:37:47.229Z [Modules] Module update available: discord_utils@1 [installed: 0]
2023-10-29T22:37:47.230Z [Modules] Module update available: discord_voice@1 [installed: 0]
2023-10-29T22:37:47.231Z [Modules] Fetching discord_desktop_core@1 from https://discord.com/api/modules/stable/discord_desktop_core/1
2023-10-29T22:37:47.231Z [Modules] Streaming discord_desktop_core@1 to /home/braeden/.config/discord/0.0.32/modules/pending/discord_desktop_core-1.zip
2023-10-29T22:37:47.502Z [Modules] Streaming discord_desktop_core@1 to /home/braeden/.config/discord/0.0.32/modules/pending/discord_desktop_core-1.zip: 1%
2023-10-29T22:37:47.511Z [Modules] Streaming discord_desktop_core@1 to /home/braeden/.config/discord/0.0.32/modules/pending/discord_desktop_core-1.zip: 2%
2023-10-29T22:37:47.529Z [Modules] Streaming discord_desktop_core@1 to /home/braeden/.config/discord/0.0.32/modules/pending/discord_desktop_core-1.zip: 5%
2023-10-29T22:37:47.534Z [Modules] Streaming discord_desktop_core@1 to /home/braeden/.config/discord/0.0.32/modules/pending/discord_desktop_core-1.zip: 6%
2023-10-29T22:37:47.543Z [Modules] Streaming discord_desktop_core@1 to /home/braeden/.config/discord/0.0.32/modules/pending/discord_desktop_core-1.zip: 9%
2023-10-29T22:37:47.562Z [Modules] Streaming discord_desktop_core@1 to /home/braeden/.config/discord/0.0.32/modules/pending/discord_desktop_core-1.zip: 20%
2023-10-29T22:37:47.573Z [Modules] Streaming discord_desktop_core@1 to /home/braeden/.config/discord/0.0.32/modules/pending/discord_desktop_core-1.zip: 24%
2023-10-29T22:37:47.579Z [Modules] Streaming discord_desktop_core@1 to /home/braeden/.config/discord/0.0.32/modules/pending/discord_desktop_core-1.zip: 31%
2023-10-29T22:37:47.582Z [Modules] Streaming discord_desktop_core@1 to /home/braeden/.config/discord/0.0.32/modules/pending/discord_desktop_core-1.zip: 36%
2023-10-29T22:37:47.584Z [Modules] Streaming discord_desktop_core@1 to /home/braeden/.config/discord/0.0.32/modules/pending/discord_desktop_core-1.zip: 39%
2023-10-29T22:37:47.586Z [Modules] Streaming discord_desktop_core@1 to /home/braeden/.config/discord/0.0.32/modules/pending/discord_desktop_core-1.zip: 40%
2023-10-29T22:37:47.590Z [Modules] Streaming discord_desktop_core@1 to /home/braeden/.config/discord/0.0.32/modules/pending/discord_desktop_core-1.zip: 48%
2023-10-29T22:37:47.594Z [Modules] Streaming discord_desktop_core@1 to /home/braeden/.config/discord/0.0.32/modules/pending/discord_desktop_core-1.zip: 52%
2023-10-29T22:37:47.596Z [Modules] Streaming discord_desktop_core@1 to /home/braeden/.config/discord/0.0.32/modules/pending/discord_desktop_core-1.zip: 56%
2023-10-29T22:37:47.602Z [Modules] Streaming discord_desktop_core@1 to /home/braeden/.config/discord/0.0.32/modules/pending/discord_desktop_core-1.zip: 59%
2023-10-29T22:37:47.605Z [Modules] Streaming discord_desktop_core@1 to /home/braeden/.config/discord/0.0.32/modules/pending/discord_desktop_core-1.zip: 64%
2023-10-29T22:37:47.609Z [Modules] Streaming discord_desktop_core@1 to /home/braeden/.config/discord/0.0.32/modules/pending/discord_desktop_core-1.zip: 68%
2023-10-29T22:37:47.611Z [Modules] Streaming discord_desktop_core@1 to /home/braeden/.config/discord/0.0.32/modules/pending/discord_desktop_core-1.zip: 72%
2023-10-29T22:37:47.614Z [Modules] Streaming discord_desktop_core@1 to /home/braeden/.config/discord/0.0.32/modules/pending/discord_desktop_core-1.zip: 75%
2023-10-29T22:37:47.622Z [Modules] Streaming discord_desktop_core@1 to /home/braeden/.config/discord/0.0.32/modules/pending/discord_desktop_core-1.zip: 78%
2023-10-29T22:37:47.625Z [Modules] Streaming discord_desktop_core@1 to /home/braeden/.config/discord/0.0.32/modules/pending/discord_desktop_core-1.zip: 79%
2023-10-29T22:37:47.629Z [Modules] Streaming discord_desktop_core@1 to /home/braeden/.config/discord/0.0.32/modules/pending/discord_desktop_core-1.zip: 80%
2023-10-29T22:37:47.631Z [Modules] Streaming discord_desktop_core@1 to /home/braeden/.config/discord/0.0.32/modules/pending/discord_desktop_core-1.zip: 83%
2023-10-29T22:37:47.635Z [Modules] Streaming discord_desktop_core@1 to /home/braeden/.config/discord/0.0.32/modules/pending/discord_desktop_core-1.zip: 88%
2023-10-29T22:37:47.643Z [Modules] Streaming discord_desktop_core@1 to /home/braeden/.config/discord/0.0.32/modules/pending/discord_desktop_core-1.zip: 95%
2023-10-29T22:37:47.645Z [Modules] Streaming discord_desktop_core@1 to /home/braeden/.config/discord/0.0.32/modules/pending/discord_desktop_core-1.zip: 100%
2023-10-29T22:37:47.649Z [Modules] Fetching discord_erlpack@1 from https://discord.com/api/modules/stable/discord_erlpack/1
2023-10-29T22:37:47.650Z [Modules] Streaming discord_erlpack@1 to /home/braeden/.config/discord/0.0.32/modules/pending/discord_erlpack-1.zip
2023-10-29T22:37:47.795Z [Modules] Streaming discord_erlpack@1 to /home/braeden/.config/discord/0.0.32/modules/pending/discord_erlpack-1.zip: 3%
2023-10-29T22:37:47.797Z [Modules] Streaming discord_erlpack@1 to /home/braeden/.config/discord/0.0.32/modules/pending/discord_erlpack-1.zip: 7%
2023-10-29T22:37:47.800Z [Modules] Streaming discord_erlpack@1 to /home/braeden/.config/discord/0.0.32/modules/pending/discord_erlpack-1.zip: 12%
2023-10-29T22:37:47.801Z [Modules] Streaming discord_erlpack@1 to /home/braeden/.config/discord/0.0.32/modules/pending/discord_erlpack-1.zip: 13%
2023-10-29T22:37:47.805Z [Modules] Streaming discord_erlpack@1 to /home/braeden/.config/discord/0.0.32/modules/pending/discord_erlpack-1.zip: 17%
2023-10-29T22:37:47.806Z [Modules] Streaming discord_erlpack@1 to /home/braeden/.config/discord/0.0.32/modules/pending/discord_erlpack-1.zip: 18%
2023-10-29T22:37:47.808Z [Modules] Streaming discord_erlpack@1 to /home/braeden/.config/discord/0.0.32/modules/pending/discord_erlpack-1.zip: 22%
2023-10-29T22:37:47.809Z [Modules] Streaming discord_erlpack@1 to /home/braeden/.config/discord/0.0.32/modules/pending/discord_erlpack-1.zip: 23%
2023-10-29T22:37:47.815Z [Modules] Streaming discord_erlpack@1 to /home/braeden/.config/discord/0.0.32/modules/pending/discord_erlpack-1.zip: 29%
2023-10-29T22:37:47.818Z [Modules] Streaming discord_erlpack@1 to /home/braeden/.config/discord/0.0.32/modules/pending/discord_erlpack-1.zip: 35%
2023-10-29T22:37:47.819Z [Modules] Streaming discord_erlpack@1 to /home/braeden/.config/discord/0.0.32/modules/pending/discord_erlpack-1.zip: 37%
2023-10-29T22:37:47.821Z [Modules] Streaming discord_erlpack@1 to /home/braeden/.config/discord/0.0.32/modules/pending/discord_erlpack-1.zip: 42%
2023-10-29T22:37:47.823Z [Modules] Streaming discord_erlpack@1 to /home/braeden/.config/discord/0.0.32/modules/pending/discord_erlpack-1.zip: 46%
2023-10-29T22:37:47.835Z [Modules] Streaming discord_erlpack@1 to /home/braeden/.config/discord/0.0.32/modules/pending/discord_erlpack-1.zip: 49%
2023-10-29T22:37:47.836Z [Modules] Streaming discord_erlpack@1 to /home/braeden/.config/discord/0.0.32/modules/pending/discord_erlpack-1.zip: 51%
2023-10-29T22:37:47.838Z [Modules] Streaming discord_erlpack@1 to /home/braeden/.config/discord/0.0.32/modules/pending/discord_erlpack-1.zip: 54%
2023-10-29T22:37:47.841Z [Modules] Streaming discord_erlpack@1 to /home/braeden/.config/discord/0.0.32/modules/pending/discord_erlpack-1.zip: 55%
2023-10-29T22:37:47.846Z [Modules] Streaming discord_erlpack@1 to /home/braeden/.config/discord/0.0.32/modules/pending/discord_erlpack-1.zip: 59%
2023-10-29T22:37:47.848Z [Modules] Streaming discord_erlpack@1 to /home/braeden/.config/discord/0.0.32/modules/pending/discord_erlpack-1.zip: 63%
2023-10-29T22:37:47.850Z [Modules] Streaming discord_erlpack@1 to /home/braeden/.config/discord/0.0.32/modules/pending/discord_erlpack-1.zip: 64%
2023-10-29T22:37:47.852Z [Modules] Streaming discord_erlpack@1 to /home/braeden/.config/discord/0.0.32/modules/pending/discord_erlpack-1.zip: 70%
2023-10-29T22:37:47.855Z [Modules] Streaming discord_erlpack@1 to /home/braeden/.config/discord/0.0.32/modules/pending/discord_erlpack-1.zip: 73%
2023-10-29T22:37:47.856Z [Modules] Streaming discord_erlpack@1 to /home/braeden/.config/discord/0.0.32/modules/pending/discord_erlpack-1.zip: 74%
2023-10-29T22:37:47.858Z [Modules] Streaming discord_erlpack@1 to /home/braeden/.config/discord/0.0.32/modules/pending/discord_erlpack-1.zip: 77%
2023-10-29T22:37:47.861Z [Modules] Streaming discord_erlpack@1 to /home/braeden/.config/discord/0.0.32/modules/pending/discord_erlpack-1.zip: 79%
2023-10-29T22:37:47.863Z [Modules] Streaming discord_erlpack@1 to /home/braeden/.config/discord/0.0.32/modules/pending/discord_erlpack-1.zip: 83%
2023-10-29T22:37:47.865Z [Modules] Streaming discord_erlpack@1 to /home/braeden/.config/discord/0.0.32/modules/pending/discord_erlpack-1.zip: 88%
2023-10-29T22:37:47.867Z [Modules] Streaming discord_erlpack@1 to /home/braeden/.config/discord/0.0.32/modules/pending/discord_erlpack-1.zip: 93%
2023-10-29T22:37:47.873Z [Modules] Streaming discord_erlpack@1 to /home/braeden/.config/discord/0.0.32/modules/pending/discord_erlpack-1.zip: 94%
2023-10-29T22:37:47.877Z [Modules] Streaming discord_erlpack@1 to /home/braeden/.config/discord/0.0.32/modules/pending/discord_erlpack-1.zip: 100%
2023-10-29T22:37:47.880Z [Modules] Fetching discord_spellcheck@1 from https://discord.com/api/modules/stable/discord_spellcheck/1
2023-10-29T22:37:47.880Z [Modules] Streaming discord_spellcheck@1 to /home/braeden/.config/discord/0.0.32/modules/pending/discord_spellcheck-1.zip
2023-10-29T22:37:48.021Z [Modules] Streaming discord_spellcheck@1 to /home/braeden/.config/discord/0.0.32/modules/pending/discord_spellcheck-1.zip: 1%
2023-10-29T22:37:48.025Z [Modules] Streaming discord_spellcheck@1 to /home/braeden/.config/discord/0.0.32/modules/pending/discord_spellcheck-1.zip: 2%
2023-10-29T22:37:48.027Z [Modules] Streaming discord_spellcheck@1 to /home/braeden/.config/discord/0.0.32/modules/pending/discord_spellcheck-1.zip: 3%
2023-10-29T22:37:48.031Z [Modules] Streaming discord_spellcheck@1 to /home/braeden/.config/discord/0.0.32/modules/pending/discord_spellcheck-1.zip: 4%
2023-10-29T22:37:48.033Z [Modules] Streaming discord_spellcheck@1 to /home/braeden/.config/discord/0.0.32/modules/pending/discord_spellcheck-1.zip: 5%
2023-10-29T22:37:48.044Z [Modules] Streaming discord_spellcheck@1 to /home/braeden/.config/discord/0.0.32/modules/pending/discord_spellcheck-1.zip: 6%
2023-10-29T22:37:48.045Z [Modules] Streaming discord_spellcheck@1 to /home/braeden/.config/discord/0.0.32/modules/pending/discord_spellcheck-1.zip: 7%
2023-10-29T22:37:48.050Z [Modules] Streaming discord_spellcheck@1 to /home/braeden/.config/discord/0.0.32/modules/pending/discord_spellcheck-1.zip: 8%
2023-10-29T22:37:48.053Z [Modules] Streaming discord_spellcheck@1 to /home/braeden/.config/discord/0.0.32/modules/pending/discord_spellcheck-1.zip: 9%
2023-10-29T22:37:48.055Z [Modules] Streaming discord_spellcheck@1 to /home/braeden/.config/discord/0.0.32/modules/pending/discord_spellcheck-1.zip: 10%
2023-10-29T22:37:48.060Z [Modules] Streaming discord_spellcheck@1 to /home/braeden/.config/discord/0.0.32/modules/pending/discord_spellcheck-1.zip: 11%
2023-10-29T22:37:48.062Z [Modules] Streaming discord_spellcheck@1 to /home/braeden/.config/discord/0.0.32/modules/pending/discord_spellcheck-1.zip: 12%
2023-10-29T22:37:48.064Z [Modules] Streaming discord_spellcheck@1 to /home/braeden/.config/discord/0.0.32/modules/pending/discord_spellcheck-1.zip: 13%
2023-10-29T22:37:48.071Z [Modules] Streaming discord_spellcheck@1 to /home/braeden/.config/discord/0.0.32/modules/pending/discord_spellcheck-1.zip: 14%
2023-10-29T22:37:48.074Z [Modules] Streaming discord_spellcheck@1 to /home/braeden/.config/discord/0.0.32/modules/pending/discord_spellcheck-1.zip: 15%
2023-10-29T22:37:48.079Z [Modules] Streaming discord_spellcheck@1 to /home/braeden/.config/discord/0.0.32/modules/pending/discord_spellcheck-1.zip: 16%
2023-10-29T22:37:48.080Z [Modules] Streaming discord_spellcheck@1 to /home/braeden/.config/discord/0.0.32/modules/pending/discord_spellcheck-1.zip: 17%
2023-10-29T22:37:48.085Z [Modules] Streaming discord_spellcheck@1 to /home/braeden/.config/discord/0.0.32/modules/pending/discord_spellcheck-1.zip: 18%
2023-10-29T22:37:48.091Z [Modules] Streaming discord_spellcheck@1 to /home/braeden/.config/discord/0.0.32/modules/pending/discord_spellcheck-1.zip: 19%
2023-10-29T22:37:48.096Z [Modules] Streaming discord_spellcheck@1 to /home/braeden/.config/discord/0.0.32/modules/pending/discord_spellcheck-1.zip: 20%
2023-10-29T22:37:48.098Z [Modules] Streaming discord_spellcheck@1 to /home/braeden/.config/discord/0.0.32/modules/pending/discord_spellcheck-1.zip: 21%
2023-10-29T22:37:48.100Z [Modules] Streaming discord_spellcheck@1 to /home/braeden/.config/discord/0.0.32/modules/pending/discord_spellcheck-1.zip: 22%
2023-10-29T22:37:48.118Z [Modules] Streaming discord_spellcheck@1 to /home/braeden/.config/discord/0.0.32/modules/pending/discord_spellcheck-1.zip: 23%
2023-10-29T22:37:48.120Z [Modules] Streaming discord_spellcheck@1 to /home/braeden/.config/discord/0.0.32/modules/pending/discord_spellcheck-1.zip: 26%
2023-10-29T22:37:48.127Z [Modules] Streaming discord_spellcheck@1 to /home/braeden/.config/discord/0.0.32/modules/pending/discord_spellcheck-1.zip: 27%
2023-10-29T22:37:48.129Z [Modules] Streaming discord_spellcheck@1 to /home/braeden/.config/discord/0.0.32/modules/pending/discord_spellcheck-1.zip: 28%
2023-10-29T22:37:48.130Z [Modules] Streaming discord_spellcheck@1 to /home/braeden/.config/discord/0.0.32/modules/pending/discord_spellcheck-1.zip: 29%
2023-10-29T22:37:48.133Z [Modules] Streaming discord_spellcheck@1 to /home/braeden/.config/discord/0.0.32/modules/pending/discord_spellcheck-1.zip: 30%
2023-10-29T22:37:48.135Z [Modules] Streaming discord_spellcheck@1 to /home/braeden/.config/discord/0.0.32/modules/pending/discord_spellcheck-1.zip: 31%
2023-10-29T22:37:48.143Z [Modules] Streaming discord_spellcheck@1 to /home/braeden/.config/discord/0.0.32/modules/pending/discord_spellcheck-1.zip: 32%
2023-10-29T22:37:48.153Z [Modules] Streaming discord_spellcheck@1 to /home/braeden/.config/discord/0.0.32/modules/pending/discord_spellcheck-1.zip: 35%
2023-10-29T22:37:48.157Z [Modules] Streaming discord_spellcheck@1 to /home/braeden/.config/discord/0.0.32/modules/pending/discord_spellcheck-1.zip: 36%
2023-10-29T22:37:48.178Z [Modules] Streaming discord_spellcheck@1 to /home/braeden/.config/discord/0.0.32/modules/pending/discord_spellcheck-1.zip: 37%
2023-10-29T22:37:48.183Z [Modules] Streaming discord_spellcheck@1 to /home/braeden/.config/discord/0.0.32/modules/pending/discord_spellcheck-1.zip: 38%
2023-10-29T22:37:48.184Z [Modules] Streaming discord_spellcheck@1 to /home/braeden/.config/discord/0.0.32/modules/pending/discord_spellcheck-1.zip: 39%
2023-10-29T22:37:48.186Z [Modules] Streaming discord_spellcheck@1 to /home/braeden/.config/discord/0.0.32/modules/pending/discord_spellcheck-1.zip: 40%
2023-10-29T22:37:48.188Z [Modules] Streaming discord_spellcheck@1 to /home/braeden/.config/discord/0.0.32/modules/pending/discord_spellcheck-1.zip: 41%
2023-10-29T22:37:48.194Z [Modules] Streaming discord_spellcheck@1 to /home/braeden/.config/discord/0.0.32/modules/pending/discord_spellcheck-1.zip: 43%
2023-10-29T22:37:48.197Z [Modules] Streaming discord_spellcheck@1 to /home/braeden/.config/discord/0.0.32/modules/pending/discord_spellcheck-1.zip: 44%
2023-10-29T22:37:48.200Z [Modules] Streaming discord_spellcheck@1 to /home/braeden/.config/discord/0.0.32/modules/pending/discord_spellcheck-1.zip: 45%
2023-10-29T22:37:48.211Z [Modules] Streaming discord_spellcheck@1 to /home/braeden/.config/discord/0.0.32/modules/pending/discord_spellcheck-1.zip: 46%
2023-10-29T22:37:48.213Z [Modules] Streaming discord_spellcheck@1 to /home/braeden/.config/discord/0.0.32/modules/pending/discord_spellcheck-1.zip: 47%
2023-10-29T22:37:48.216Z [Modules] Streaming discord_spellcheck@1 to /home/braeden/.config/discord/0.0.32/modules/pending/discord_spellcheck-1.zip: 48%
2023-10-29T22:37:48.219Z [Modules] Streaming discord_spellcheck@1 to /home/braeden/.config/discord/0.0.32/modules/pending/discord_spellcheck-1.zip: 49%
2023-10-29T22:37:48.222Z [Modules] Streaming discord_spellcheck@1 to /home/braeden/.config/discord/0.0.32/modules/pending/discord_spellcheck-1.zip: 50%
2023-10-29T22:37:48.226Z [Modules] Streaming discord_spellcheck@1 to /home/braeden/.config/discord/0.0.32/modules/pending/discord_spellcheck-1.zip: 51%
2023-10-29T22:37:48.229Z [Modules] Streaming discord_spellcheck@1 to /home/braeden/.config/discord/0.0.32/modules/pending/discord_spellcheck-1.zip: 52%
2023-10-29T22:37:48.232Z [Modules] Streaming discord_spellcheck@1 to /home/braeden/.config/discord/0.0.32/modules/pending/discord_spellcheck-1.zip: 53%
2023-10-29T22:37:48.234Z [Modules] Streaming discord_spellcheck@1 to /home/braeden/.config/discord/0.0.32/modules/pending/discord_spellcheck-1.zip: 54%
2023-10-29T22:37:48.237Z [Modules] Streaming discord_spellcheck@1 to /home/braeden/.config/discord/0.0.32/modules/pending/discord_spellcheck-1.zip: 55%
2023-10-29T22:37:48.243Z [Modules] Streaming discord_spellcheck@1 to /home/braeden/.config/discord/0.0.32/modules/pending/discord_spellcheck-1.zip: 56%
2023-10-29T22:37:48.248Z [Modules] Streaming discord_spellcheck@1 to /home/braeden/.config/discord/0.0.32/modules/pending/discord_spellcheck-1.zip: 58%
2023-10-29T22:37:48.251Z [Modules] Streaming discord_spellcheck@1 to /home/braeden/.config/discord/0.0.32/modules/pending/discord_spellcheck-1.zip: 59%
2023-10-29T22:37:48.266Z [Modules] Streaming discord_spellcheck@1 to /home/braeden/.config/discord/0.0.32/modules/pending/discord_spellcheck-1.zip: 60%
2023-10-29T22:37:48.269Z [Modules] Streaming discord_spellcheck@1 to /home/braeden/.config/discord/0.0.32/modules/pending/discord_spellcheck-1.zip: 61%
2023-10-29T22:37:48.277Z [Modules] Streaming discord_spellcheck@1 to /home/braeden/.config/discord/0.0.32/modules/pending/discord_spellcheck-1.zip: 62%
2023-10-29T22:37:48.280Z [Modules] Streaming discord_spellcheck@1 to /home/braeden/.config/discord/0.0.32/modules/pending/discord_spellcheck-1.zip: 63%
2023-10-29T22:37:48.283Z [Modules] Streaming discord_spellcheck@1 to /home/braeden/.config/discord/0.0.32/modules/pending/discord_spellcheck-1.zip: 64%
2023-10-29T22:37:48.289Z [Modules] Streaming discord_spellcheck@1 to /home/braeden/.config/discord/0.0.32/modules/pending/discord_spellcheck-1.zip: 65%
2023-10-29T22:37:48.292Z [Modules] Streaming discord_spellcheck@1 to /home/braeden/.config/discord/0.0.32/modules/pending/discord_spellcheck-1.zip: 66%
2023-10-29T22:37:48.298Z [Modules] Streaming discord_spellcheck@1 to /home/braeden/.config/discord/0.0.32/modules/pending/discord_spellcheck-1.zip: 67%
2023-10-29T22:37:48.301Z [Modules] Streaming discord_spellcheck@1 to /home/braeden/.config/discord/0.0.32/modules/pending/discord_spellcheck-1.zip: 68%
2023-10-29T22:37:48.303Z [Modules] Streaming discord_spellcheck@1 to /home/braeden/.config/discord/0.0.32/modules/pending/discord_spellcheck-1.zip: 69%
2023-10-29T22:37:48.307Z [Modules] Streaming discord_spellcheck@1 to /home/braeden/.config/discord/0.0.32/modules/pending/discord_spellcheck-1.zip: 70%
2023-10-29T22:37:48.311Z [Modules] Streaming discord_spellcheck@1 to /home/braeden/.config/discord/0.0.32/modules/pending/discord_spellcheck-1.zip: 71%
2023-10-29T22:37:48.314Z [Modules] Streaming discord_spellcheck@1 to /home/braeden/.config/discord/0.0.32/modules/pending/discord_spellcheck-1.zip: 72%
2023-10-29T22:37:48.317Z [Modules] Streaming discord_spellcheck@1 to /home/braeden/.config/discord/0.0.32/modules/pending/discord_spellcheck-1.zip: 74%
2023-10-29T22:37:48.321Z [Modules] Streaming discord_spellcheck@1 to /home/braeden/.config/discord/0.0.32/modules/pending/discord_spellcheck-1.zip: 75%
2023-10-29T22:37:48.327Z [Modules] Streaming discord_spellcheck@1 to /home/braeden/.config/discord/0.0.32/modules/pending/discord_spellcheck-1.zip: 77%
2023-10-29T22:37:48.331Z [Modules] Streaming discord_spellcheck@1 to /home/braeden/.config/discord/0.0.32/modules/pending/discord_spellcheck-1.zip: 78%
2023-10-29T22:37:48.334Z [Modules] Streaming discord_spellcheck@1 to /home/braeden/.config/discord/0.0.32/modules/pending/discord_spellcheck-1.zip: 79%
2023-10-29T22:37:48.337Z [Modules] Streaming discord_spellcheck@1 to /home/braeden/.config/discord/0.0.32/modules/pending/discord_spellcheck-1.zip: 80%
2023-10-29T22:37:48.343Z [Modules] Streaming discord_spellcheck@1 to /home/braeden/.config/discord/0.0.32/modules/pending/discord_spellcheck-1.zip: 82%
2023-10-29T22:37:48.350Z [Modules] Streaming discord_spellcheck@1 to /home/braeden/.config/discord/0.0.32/modules/pending/discord_spellcheck-1.zip: 83%
2023-10-29T22:37:48.353Z [Modules] Streaming discord_spellcheck@1 to /home/braeden/.config/discord/0.0.32/modules/pending/discord_spellcheck-1.zip: 84%
2023-10-29T22:37:48.357Z [Modules] Streaming discord_spellcheck@1 to /home/braeden/.config/discord/0.0.32/modules/pending/discord_spellcheck-1.zip: 85%
2023-10-29T22:37:48.368Z [Modules] Streaming discord_spellcheck@1 to /home/braeden/.config/discord/0.0.32/modules/pending/discord_spellcheck-1.zip: 86%
2023-10-29T22:37:48.371Z [Modules] Streaming discord_spellcheck@1 to /home/braeden/.config/discord/0.0.32/modules/pending/discord_spellcheck-1.zip: 87%
2023-10-29T22:37:48.374Z [Modules] Streaming discord_spellcheck@1 to /home/braeden/.config/discord/0.0.32/modules/pending/discord_spellcheck-1.zip: 88%
2023-10-29T22:37:48.379Z [Modules] Streaming discord_spellcheck@1 to /home/braeden/.config/discord/0.0.32/modules/pending/discord_spellcheck-1.zip: 89%
2023-10-29T22:37:48.382Z [Modules] Streaming discord_spellcheck@1 to /home/braeden/.config/discord/0.0.32/modules/pending/discord_spellcheck-1.zip: 91%
2023-10-29T22:37:48.386Z [Modules] Streaming discord_spellcheck@1 to /home/braeden/.config/discord/0.0.32/modules/pending/discord_spellcheck-1.zip: 92%
2023-10-29T22:37:48.390Z [Modules] Streaming discord_spellcheck@1 to /home/braeden/.config/discord/0.0.32/modules/pending/discord_spellcheck-1.zip: 93%
2023-10-29T22:37:48.393Z [Modules] Streaming discord_spellcheck@1 to /home/braeden/.config/discord/0.0.32/modules/pending/discord_spellcheck-1.zip: 95%
2023-10-29T22:37:48.412Z [Modules] Streaming discord_spellcheck@1 to /home/braeden/.config/discord/0.0.32/modules/pending/discord_spellcheck-1.zip: 96%
2023-10-29T22:37:48.417Z [Modules] Streaming discord_spellcheck@1 to /home/braeden/.config/discord/0.0.32/modules/pending/discord_spellcheck-1.zip: 97%
2023-10-29T22:37:48.421Z [Modules] Streaming discord_spellcheck@1 to /home/braeden/.config/discord/0.0.32/modules/pending/discord_spellcheck-1.zip: 98%
2023-10-29T22:37:48.424Z [Modules] Streaming discord_spellcheck@1 to /home/braeden/.config/discord/0.0.32/modules/pending/discord_spellcheck-1.zip: 99%
2023-10-29T22:37:48.426Z [Modules] Streaming discord_spellcheck@1 to /home/braeden/.config/discord/0.0.32/modules/pending/discord_spellcheck-1.zip: 100%
2023-10-29T22:37:48.429Z [Modules] Fetching discord_utils@1 from https://discord.com/api/modules/stable/discord_utils/1
2023-10-29T22:37:48.430Z [Modules] Streaming discord_utils@1 to /home/braeden/.config/discord/0.0.32/modules/pending/discord_utils-1.zip
2023-10-29T22:37:48.579Z [Modules] Streaming discord_utils@1 to /home/braeden/.config/discord/0.0.32/modules/pending/discord_utils-1.zip: 1%
2023-10-29T22:37:48.580Z [Modules] Streaming discord_utils@1 to /home/braeden/.config/discord/0.0.32/modules/pending/discord_utils-1.zip: 3%
2023-10-29T22:37:48.584Z [Modules] Streaming discord_utils@1 to /home/braeden/.config/discord/0.0.32/modules/pending/discord_utils-1.zip: 4%
2023-10-29T22:37:48.586Z [Modules] Streaming discord_utils@1 to /home/braeden/.config/discord/0.0.32/modules/pending/discord_utils-1.zip: 7%
2023-10-29T22:37:48.588Z [Modules] Streaming discord_utils@1 to /home/braeden/.config/discord/0.0.32/modules/pending/discord_utils-1.zip: 10%
2023-10-29T22:37:48.590Z [Modules] Streaming discord_utils@1 to /home/braeden/.config/discord/0.0.32/modules/pending/discord_utils-1.zip: 11%
2023-10-29T22:37:48.594Z [Modules] Streaming discord_utils@1 to /home/braeden/.config/discord/0.0.32/modules/pending/discord_utils-1.zip: 14%
2023-10-29T22:37:48.596Z [Modules] Streaming discord_utils@1 to /home/braeden/.config/discord/0.0.32/modules/pending/discord_utils-1.zip: 16%
2023-10-29T22:37:48.599Z [Modules] Streaming discord_utils@1 to /home/braeden/.config/discord/0.0.32/modules/pending/discord_utils-1.zip: 17%
2023-10-29T22:37:48.601Z [Modules] Streaming discord_utils@1 to /home/braeden/.config/discord/0.0.32/modules/pending/discord_utils-1.zip: 22%
2023-10-29T22:37:48.604Z [Modules] Streaming discord_utils@1 to /home/braeden/.config/discord/0.0.32/modules/pending/discord_utils-1.zip: 26%
2023-10-29T22:37:48.609Z [Modules] Streaming discord_utils@1 to /home/braeden/.config/discord/0.0.32/modules/pending/discord_utils-1.zip: 30%
2023-10-29T22:37:48.612Z [Modules] Streaming discord_utils@1 to /home/braeden/.config/discord/0.0.32/modules/pending/discord_utils-1.zip: 33%
2023-10-29T22:37:48.614Z [Modules] Streaming discord_utils@1 to /home/braeden/.config/discord/0.0.32/modules/pending/discord_utils-1.zip: 34%
2023-10-29T22:37:48.617Z [Modules] Streaming discord_utils@1 to /home/braeden/.config/discord/0.0.32/modules/pending/discord_utils-1.zip: 35%
2023-10-29T22:37:48.619Z [Modules] Streaming discord_utils@1 to /home/braeden/.config/discord/0.0.32/modules/pending/discord_utils-1.zip: 38%
2023-10-29T22:37:48.623Z [Modules] Streaming discord_utils@1 to /home/braeden/.config/discord/0.0.32/modules/pending/discord_utils-1.zip: 41%
2023-10-29T22:37:48.626Z [Modules] Streaming discord_utils@1 to /home/braeden/.config/discord/0.0.32/modules/pending/discord_utils-1.zip: 45%
2023-10-29T22:37:48.631Z [Modules] Streaming discord_utils@1 to /home/braeden/.config/discord/0.0.32/modules/pending/discord_utils-1.zip: 48%
2023-10-29T22:37:48.634Z [Modules] Streaming discord_utils@1 to /home/braeden/.config/discord/0.0.32/modules/pending/discord_utils-1.zip: 49%
2023-10-29T22:37:48.639Z [Modules] Streaming discord_utils@1 to /home/braeden/.config/discord/0.0.32/modules/pending/discord_utils-1.zip: 50%
2023-10-29T22:37:48.651Z [Modules] Streaming discord_utils@1 to /home/braeden/.config/discord/0.0.32/modules/pending/discord_utils-1.zip: 57%
2023-10-29T22:37:48.653Z [Modules] Streaming discord_utils@1 to /home/braeden/.config/discord/0.0.32/modules/pending/discord_utils-1.zip: 61%
2023-10-29T22:37:48.659Z [Modules] Streaming discord_utils@1 to /home/braeden/.config/discord/0.0.32/modules/pending/discord_utils-1.zip: 63%
2023-10-29T22:37:48.667Z [Modules] Streaming discord_utils@1 to /home/braeden/.config/discord/0.0.32/modules/pending/discord_utils-1.zip: 69%
2023-10-29T22:37:48.678Z [Modules] Streaming discord_utils@1 to /home/braeden/.config/discord/0.0.32/modules/pending/discord_utils-1.zip: 73%
2023-10-29T22:37:48.680Z [Modules] Streaming discord_utils@1 to /home/braeden/.config/discord/0.0.32/modules/pending/discord_utils-1.zip: 74%
2023-10-29T22:37:48.685Z [Modules] Streaming discord_utils@1 to /home/braeden/.config/discord/0.0.32/modules/pending/discord_utils-1.zip: 75%
2023-10-29T22:37:48.700Z [Modules] Streaming discord_utils@1 to /home/braeden/.config/discord/0.0.32/modules/pending/discord_utils-1.zip: 86%
2023-10-29T22:37:48.704Z [Modules] Streaming discord_utils@1 to /home/braeden/.config/discord/0.0.32/modules/pending/discord_utils-1.zip: 89%
2023-10-29T22:37:48.711Z [Modules] Streaming discord_utils@1 to /home/braeden/.config/discord/0.0.32/modules/pending/discord_utils-1.zip: 94%
2023-10-29T22:37:48.713Z [Modules] Streaming discord_utils@1 to /home/braeden/.config/discord/0.0.32/modules/pending/discord_utils-1.zip: 96%
2023-10-29T22:37:48.718Z [Modules] Streaming discord_utils@1 to /home/braeden/.config/discord/0.0.32/modules/pending/discord_utils-1.zip: 100%
2023-10-29T22:37:48.721Z [Modules] Fetching discord_voice@1 from https://discord.com/api/modules/stable/discord_voice/1
2023-10-29T22:37:48.722Z [Modules] Streaming discord_voice@1 to /home/braeden/.config/discord/0.0.32/modules/pending/discord_voice-1.zip
2023-10-29T22:37:48.867Z [Modules] Streaming discord_voice@1 to /home/braeden/.config/discord/0.0.32/modules/pending/discord_voice-1.zip: 1%
2023-10-29T22:37:48.878Z [Modules] Streaming discord_voice@1 to /home/braeden/.config/discord/0.0.32/modules/pending/discord_voice-1.zip: 2%
2023-10-29T22:37:48.885Z [Modules] Streaming discord_voice@1 to /home/braeden/.config/discord/0.0.32/modules/pending/discord_voice-1.zip: 3%
2023-10-29T22:37:48.892Z [Modules] Streaming discord_voice@1 to /home/braeden/.config/discord/0.0.32/modules/pending/discord_voice-1.zip: 4%
2023-10-29T22:37:48.898Z [Modules] Streaming discord_voice@1 to /home/braeden/.config/discord/0.0.32/modules/pending/discord_voice-1.zip: 5%
2023-10-29T22:37:48.916Z [Modules] Streaming discord_voice@1 to /home/braeden/.config/discord/0.0.32/modules/pending/discord_voice-1.zip: 6%
2023-10-29T22:37:48.925Z [Modules] Streaming discord_voice@1 to /home/braeden/.config/discord/0.0.32/modules/pending/discord_voice-1.zip: 7%
2023-10-29T22:37:48.934Z [Modules] Streaming discord_voice@1 to /home/braeden/.config/discord/0.0.32/modules/pending/discord_voice-1.zip: 8%
2023-10-29T22:37:48.939Z [Modules] Streaming discord_voice@1 to /home/braeden/.config/discord/0.0.32/modules/pending/discord_voice-1.zip: 9%
2023-10-29T22:37:48.945Z [Modules] Streaming discord_voice@1 to /home/braeden/.config/discord/0.0.32/modules/pending/discord_voice-1.zip: 10%
2023-10-29T22:37:48.953Z [Modules] Streaming discord_voice@1 to /home/braeden/.config/discord/0.0.32/modules/pending/discord_voice-1.zip: 11%
2023-10-29T22:37:48.964Z [Modules] Streaming discord_voice@1 to /home/braeden/.config/discord/0.0.32/modules/pending/discord_voice-1.zip: 12%
2023-10-29T22:37:48.971Z [Modules] Streaming discord_voice@1 to /home/braeden/.config/discord/0.0.32/modules/pending/discord_voice-1.zip: 13%
2023-10-29T22:37:48.977Z [Modules] Streaming discord_voice@1 to /home/braeden/.config/discord/0.0.32/modules/pending/discord_voice-1.zip: 14%
2023-10-29T22:37:48.989Z [Modules] Streaming discord_voice@1 to /home/braeden/.config/discord/0.0.32/modules/pending/discord_voice-1.zip: 15%
2023-10-29T22:37:49.007Z [Modules] Streaming discord_voice@1 to /home/braeden/.config/discord/0.0.32/modules/pending/discord_voice-1.zip: 16%
2023-10-29T22:37:49.031Z [Modules] Streaming discord_voice@1 to /home/braeden/.config/discord/0.0.32/modules/pending/discord_voice-1.zip: 17%
2023-10-29T22:37:49.039Z [Modules] Streaming discord_voice@1 to /home/braeden/.config/discord/0.0.32/modules/pending/discord_voice-1.zip: 18%
2023-10-29T22:37:49.045Z [Modules] Streaming discord_voice@1 to /home/braeden/.config/discord/0.0.32/modules/pending/discord_voice-1.zip: 19%
2023-10-29T22:37:49.052Z [Modules] Streaming discord_voice@1 to /home/braeden/.config/discord/0.0.32/modules/pending/discord_voice-1.zip: 20%
2023-10-29T22:37:49.059Z [Modules] Streaming discord_voice@1 to /home/braeden/.config/discord/0.0.32/modules/pending/discord_voice-1.zip: 21%
2023-10-29T22:37:49.066Z [Modules] Streaming discord_voice@1 to /home/braeden/.config/discord/0.0.32/modules/pending/discord_voice-1.zip: 22%
2023-10-29T22:37:49.073Z [Modules] Streaming discord_voice@1 to /home/braeden/.config/discord/0.0.32/modules/pending/discord_voice-1.zip: 23%
2023-10-29T22:37:49.080Z [Modules] Streaming discord_voice@1 to /home/braeden/.config/discord/0.0.32/modules/pending/discord_voice-1.zip: 24%
2023-10-29T22:37:49.085Z [Modules] Streaming discord_voice@1 to /home/braeden/.config/discord/0.0.32/modules/pending/discord_voice-1.zip: 25%
2023-10-29T22:37:49.093Z [Modules] Streaming discord_voice@1 to /home/braeden/.config/discord/0.0.32/modules/pending/discord_voice-1.zip: 26%
2023-10-29T22:37:49.097Z [Modules] Streaming discord_voice@1 to /home/braeden/.config/discord/0.0.32/modules/pending/discord_voice-1.zip: 27%
2023-10-29T22:37:49.137Z [Modules] Streaming discord_voice@1 to /home/braeden/.config/discord/0.0.32/modules/pending/discord_voice-1.zip: 28%
2023-10-29T22:37:49.144Z [Modules] Streaming discord_voice@1 to /home/braeden/.config/discord/0.0.32/modules/pending/discord_voice-1.zip: 29%
2023-10-29T22:37:49.149Z [Modules] Streaming discord_voice@1 to /home/braeden/.config/discord/0.0.32/modules/pending/discord_voice-1.zip: 30%
2023-10-29T22:37:49.154Z [Modules] Streaming discord_voice@1 to /home/braeden/.config/discord/0.0.32/modules/pending/discord_voice-1.zip: 31%
2023-10-29T22:37:49.161Z [Modules] Streaming discord_voice@1 to /home/braeden/.config/discord/0.0.32/modules/pending/discord_voice-1.zip: 32%
2023-10-29T22:37:49.170Z [Modules] Streaming discord_voice@1 to /home/braeden/.config/discord/0.0.32/modules/pending/discord_voice-1.zip: 33%
2023-10-29T22:37:49.175Z [Modules] Streaming discord_voice@1 to /home/braeden/.config/discord/0.0.32/modules/pending/discord_voice-1.zip: 34%
2023-10-29T22:37:49.184Z [Modules] Streaming discord_voice@1 to /home/braeden/.config/discord/0.0.32/modules/pending/discord_voice-1.zip: 35%
2023-10-29T22:37:49.192Z [Modules] Streaming discord_voice@1 to /home/braeden/.config/discord/0.0.32/modules/pending/discord_voice-1.zip: 36%
2023-10-29T22:37:49.199Z [Modules] Streaming discord_voice@1 to /home/braeden/.config/discord/0.0.32/modules/pending/discord_voice-1.zip: 37%
2023-10-29T22:37:49.203Z [Modules] Streaming discord_voice@1 to /home/braeden/.config/discord/0.0.32/modules/pending/discord_voice-1.zip: 38%
2023-10-29T22:37:49.216Z [Modules] Streaming discord_voice@1 to /home/braeden/.config/discord/0.0.32/modules/pending/discord_voice-1.zip: 39%
2023-10-29T22:37:49.220Z [Modules] Streaming discord_voice@1 to /home/braeden/.config/discord/0.0.32/modules/pending/discord_voice-1.zip: 40%
2023-10-29T22:37:49.226Z [Modules] Streaming discord_voice@1 to /home/braeden/.config/discord/0.0.32/modules/pending/discord_voice-1.zip: 41%
2023-10-29T22:37:49.241Z [Modules] Streaming discord_voice@1 to /home/braeden/.config/discord/0.0.32/modules/pending/discord_voice-1.zip: 42%
2023-10-29T22:37:49.247Z [Modules] Streaming discord_voice@1 to /home/braeden/.config/discord/0.0.32/modules/pending/discord_voice-1.zip: 43%
2023-10-29T22:37:49.257Z [Modules] Streaming discord_voice@1 to /home/braeden/.config/discord/0.0.32/modules/pending/discord_voice-1.zip: 44%
2023-10-29T22:37:49.261Z [Modules] Streaming discord_voice@1 to /home/braeden/.config/discord/0.0.32/modules/pending/discord_voice-1.zip: 45%
2023-10-29T22:37:49.271Z [Modules] Streaming discord_voice@1 to /home/braeden/.config/discord/0.0.32/modules/pending/discord_voice-1.zip: 46%
2023-10-29T22:37:49.276Z [Modules] Streaming discord_voice@1 to /home/braeden/.config/discord/0.0.32/modules/pending/discord_voice-1.zip: 47%
2023-10-29T22:37:49.283Z [Modules] Streaming discord_voice@1 to /home/braeden/.config/discord/0.0.32/modules/pending/discord_voice-1.zip: 48%
2023-10-29T22:37:49.292Z [Modules] Streaming discord_voice@1 to /home/braeden/.config/discord/0.0.32/modules/pending/discord_voice-1.zip: 49%
2023-10-29T22:37:49.297Z [Modules] Streaming discord_voice@1 to /home/braeden/.config/discord/0.0.32/modules/pending/discord_voice-1.zip: 50%
2023-10-29T22:37:49.318Z [Modules] Streaming discord_voice@1 to /home/braeden/.config/discord/0.0.32/modules/pending/discord_voice-1.zip: 51%
2023-10-29T22:37:49.327Z [Modules] Streaming discord_voice@1 to /home/braeden/.config/discord/0.0.32/modules/pending/discord_voice-1.zip: 52%
2023-10-29T22:37:49.334Z [Modules] Streaming discord_voice@1 to /home/braeden/.config/discord/0.0.32/modules/pending/discord_voice-1.zip: 53%
2023-10-29T22:37:49.343Z [Modules] Streaming discord_voice@1 to /home/braeden/.config/discord/0.0.32/modules/pending/discord_voice-1.zip: 54%
2023-10-29T22:37:49.350Z [Modules] Streaming discord_voice@1 to /home/braeden/.config/discord/0.0.32/modules/pending/discord_voice-1.zip: 55%
2023-10-29T22:37:49.356Z [Modules] Streaming discord_voice@1 to /home/braeden/.config/discord/0.0.32/modules/pending/discord_voice-1.zip: 56%
2023-10-29T22:37:49.362Z [Modules] Streaming discord_voice@1 to /home/braeden/.config/discord/0.0.32/modules/pending/discord_voice-1.zip: 57%
2023-10-29T22:37:49.376Z [Modules] Streaming discord_voice@1 to /home/braeden/.config/discord/0.0.32/modules/pending/discord_voice-1.zip: 58%
2023-10-29T22:37:49.386Z [Modules] Streaming discord_voice@1 to /home/braeden/.config/discord/0.0.32/modules/pending/discord_voice-1.zip: 59%
2023-10-29T22:37:49.393Z [Modules] Streaming discord_voice@1 to /home/braeden/.config/discord/0.0.32/modules/pending/discord_voice-1.zip: 60%
2023-10-29T22:37:49.399Z [Modules] Streaming discord_voice@1 to /home/braeden/.config/discord/0.0.32/modules/pending/discord_voice-1.zip: 61%
2023-10-29T22:37:49.406Z [Modules] Streaming discord_voice@1 to /home/braeden/.config/discord/0.0.32/modules/pending/discord_voice-1.zip: 62%
2023-10-29T22:37:49.416Z [Modules] Streaming discord_voice@1 to /home/braeden/.config/discord/0.0.32/modules/pending/discord_voice-1.zip: 63%
2023-10-29T22:37:49.429Z [Modules] Streaming discord_voice@1 to /home/braeden/.config/discord/0.0.32/modules/pending/discord_voice-1.zip: 64%
2023-10-29T22:37:49.436Z [Modules] Streaming discord_voice@1 to /home/braeden/.config/discord/0.0.32/modules/pending/discord_voice-1.zip: 65%
2023-10-29T22:37:49.445Z [Modules] Streaming discord_voice@1 to /home/braeden/.config/discord/0.0.32/modules/pending/discord_voice-1.zip: 66%
2023-10-29T22:37:49.450Z [Modules] Streaming discord_voice@1 to /home/braeden/.config/discord/0.0.32/modules/pending/discord_voice-1.zip: 67%
2023-10-29T22:37:49.458Z [Modules] Streaming discord_voice@1 to /home/braeden/.config/discord/0.0.32/modules/pending/discord_voice-1.zip: 68%
2023-10-29T22:37:49.466Z [Modules] Streaming discord_voice@1 to /home/braeden/.config/discord/0.0.32/modules/pending/discord_voice-1.zip: 69%
2023-10-29T22:37:49.479Z [Modules] Streaming discord_voice@1 to /home/braeden/.config/discord/0.0.32/modules/pending/discord_voice-1.zip: 70%
2023-10-29T22:37:49.486Z [Modules] Streaming discord_voice@1 to /home/braeden/.config/discord/0.0.32/modules/pending/discord_voice-1.zip: 71%
2023-10-29T22:37:49.494Z [Modules] Streaming discord_voice@1 to /home/braeden/.config/discord/0.0.32/modules/pending/discord_voice-1.zip: 72%
2023-10-29T22:37:49.499Z [Modules] Streaming discord_voice@1 to /home/braeden/.config/discord/0.0.32/modules/pending/discord_voice-1.zip: 73%
2023-10-29T22:37:49.504Z [Modules] Streaming discord_voice@1 to /home/braeden/.config/discord/0.0.32/modules/pending/discord_voice-1.zip: 74%
2023-10-29T22:37:49.512Z [Modules] Streaming discord_voice@1 to /home/braeden/.config/discord/0.0.32/modules/pending/discord_voice-1.zip: 75%
2023-10-29T22:37:49.516Z [Modules] Streaming discord_voice@1 to /home/braeden/.config/discord/0.0.32/modules/pending/discord_voice-1.zip: 76%
2023-10-29T22:37:49.554Z [Modules] Streaming discord_voice@1 to /home/braeden/.config/discord/0.0.32/modules/pending/discord_voice-1.zip: 77%
2023-10-29T22:37:49.560Z [Modules] Streaming discord_voice@1 to /home/braeden/.config/discord/0.0.32/modules/pending/discord_voice-1.zip: 78%
2023-10-29T22:37:49.593Z [Modules] Streaming discord_voice@1 to /home/braeden/.config/discord/0.0.32/modules/pending/discord_voice-1.zip: 79%
2023-10-29T22:37:49.595Z [Modules] Streaming discord_voice@1 to /home/braeden/.config/discord/0.0.32/modules/pending/discord_voice-1.zip: 80%
2023-10-29T22:37:49.603Z [Modules] Streaming discord_voice@1 to /home/braeden/.config/discord/0.0.32/modules/pending/discord_voice-1.zip: 81%
2023-10-29T22:37:49.613Z [Modules] Streaming discord_voice@1 to /home/braeden/.config/discord/0.0.32/modules/pending/discord_voice-1.zip: 82%
2023-10-29T22:37:49.621Z [Modules] Streaming discord_voice@1 to /home/braeden/.config/discord/0.0.32/modules/pending/discord_voice-1.zip: 83%
2023-10-29T22:37:49.627Z [Modules] Streaming discord_voice@1 to /home/braeden/.config/discord/0.0.32/modules/pending/discord_voice-1.zip: 84%
2023-10-29T22:37:49.641Z [Modules] Streaming discord_voice@1 to /home/braeden/.config/discord/0.0.32/modules/pending/discord_voice-1.zip: 85%
2023-10-29T22:37:49.661Z [Modules] Streaming discord_voice@1 to /home/braeden/.config/discord/0.0.32/modules/pending/discord_voice-1.zip: 86%
2023-10-29T22:37:49.677Z [Modules] Streaming discord_voice@1 to /home/braeden/.config/discord/0.0.32/modules/pending/discord_voice-1.zip: 87%
2023-10-29T22:37:49.683Z [Modules] Streaming discord_voice@1 to /home/braeden/.config/discord/0.0.32/modules/pending/discord_voice-1.zip: 88%
2023-10-29T22:37:49.694Z [Modules] Streaming discord_voice@1 to /home/braeden/.config/discord/0.0.32/modules/pending/discord_voice-1.zip: 89%
2023-10-29T22:37:49.701Z [Modules] Streaming discord_voice@1 to /home/braeden/.config/discord/0.0.32/modules/pending/discord_voice-1.zip: 90%
2023-10-29T22:37:49.710Z [Modules] Streaming discord_voice@1 to /home/braeden/.config/discord/0.0.32/modules/pending/discord_voice-1.zip: 91%
2023-10-29T22:37:49.716Z [Modules] Streaming discord_voice@1 to /home/braeden/.config/discord/0.0.32/modules/pending/discord_voice-1.zip: 92%
2023-10-29T22:37:49.746Z [Modules] Streaming discord_voice@1 to /home/braeden/.config/discord/0.0.32/modules/pending/discord_voice-1.zip: 93%
2023-10-29T22:37:49.752Z [Modules] Streaming discord_voice@1 to /home/braeden/.config/discord/0.0.32/modules/pending/discord_voice-1.zip: 94%
2023-10-29T22:37:49.768Z [Modules] Streaming discord_voice@1 to /home/braeden/.config/discord/0.0.32/modules/pending/discord_voice-1.zip: 95%
2023-10-29T22:37:49.777Z [Modules] Streaming discord_voice@1 to /home/braeden/.config/discord/0.0.32/modules/pending/discord_voice-1.zip: 96%
2023-10-29T22:37:49.787Z [Modules] Streaming discord_voice@1 to /home/braeden/.config/discord/0.0.32/modules/pending/discord_voice-1.zip: 97%
2023-10-29T22:37:49.794Z [Modules] Streaming discord_voice@1 to /home/braeden/.config/discord/0.0.32/modules/pending/discord_voice-1.zip: 98%
2023-10-29T22:37:49.799Z [Modules] Streaming discord_voice@1 to /home/braeden/.config/discord/0.0.32/modules/pending/discord_voice-1.zip: 99%
2023-10-29T22:37:49.803Z [Modules] Streaming discord_voice@1 to /home/braeden/.config/discord/0.0.32/modules/pending/discord_voice-1.zip: 100%
2023-10-29T22:37:49.805Z [Modules] Finished module downloads. [success: 5] [failure: 0]
2023-10-29T22:37:49.807Z [Modules] Installing updates...
2023-10-29T22:37:49.808Z [Modules] Installing discord_desktop_core@1 from /home/braeden/.config/discord/0.0.32/modules/pending/discord_desktop_core-1.zip
2023-10-29T22:37:49.970Z [Modules] Installing discord_erlpack@1 from /home/braeden/.config/discord/0.0.32/modules/pending/discord_erlpack-1.zip
2023-10-29T22:37:50.139Z [Modules] Installing discord_spellcheck@1 from /home/braeden/.config/discord/0.0.32/modules/pending/discord_spellcheck-1.zip
2023-10-29T22:37:52.244Z [Modules] Installing discord_utils@1 from /home/braeden/.config/discord/0.0.32/modules/pending/discord_utils-1.zip
2023-10-29T22:37:53.684Z [Modules] Installing discord_voice@1 from /home/braeden/.config/discord/0.0.32/modules/pending/discord_voice-1.zip
2023-10-29T22:37:55.688Z [Modules] Finished module installations. [success: 5] [failure: 0]
2023-10-29T22:37:55.688Z [Modules] Checking for host updates.
2023-10-29T22:37:55.800Z [Modules] Host is up to date.
2023-10-29T22:37:55.800Z [Modules] Checking for module updates at https://discord.com/api/modules/stable/versions.json
2023-10-29T22:37:55.813Z [Modules] No module updates available.
2023-10-29T22:37:58.867Z [Modules] Starting to install discord_krisp...
2023-10-29T22:37:58.867Z [Modules] Fetching discord_krisp@1 from https://discord.com/api/modules/stable/discord_krisp/1
2023-10-29T22:37:58.868Z [Modules] Streaming discord_krisp@1 to /home/braeden/.config/discord/0.0.32/modules/pending/discord_krisp-1.zip
2023-10-29T22:37:58.886Z [Modules] Starting to install discord_game_utils...
2023-10-29T22:37:59.014Z [Modules] Streaming discord_krisp@1 to /home/braeden/.config/discord/0.0.32/modules/pending/discord_krisp-1.zip: 1%
2023-10-29T22:37:59.033Z [Modules] Streaming discord_krisp@1 to /home/braeden/.config/discord/0.0.32/modules/pending/discord_krisp-1.zip: 2%
2023-10-29T22:37:59.036Z [Modules] Streaming discord_krisp@1 to /home/braeden/.config/discord/0.0.32/modules/pending/discord_krisp-1.zip: 3%
2023-10-29T22:37:59.047Z [Modules] Streaming discord_krisp@1 to /home/braeden/.config/discord/0.0.32/modules/pending/discord_krisp-1.zip: 4%
2023-10-29T22:37:59.051Z [Modules] Streaming discord_krisp@1 to /home/braeden/.config/discord/0.0.32/modules/pending/discord_krisp-1.zip: 5%
2023-10-29T22:37:59.061Z [Modules] Streaming discord_krisp@1 to /home/braeden/.config/discord/0.0.32/modules/pending/discord_krisp-1.zip: 6%
2023-10-29T22:37:59.210Z [Modules] Streaming discord_krisp@1 to /home/braeden/.config/discord/0.0.32/modules/pending/discord_krisp-1.zip: 7%
2023-10-29T22:37:59.313Z [Modules] Streaming discord_krisp@1 to /home/braeden/.config/discord/0.0.32/modules/pending/discord_krisp-1.zip: 8%
2023-10-29T22:37:59.315Z [Modules] Streaming discord_krisp@1 to /home/braeden/.config/discord/0.0.32/modules/pending/discord_krisp-1.zip: 9%
2023-10-29T22:37:59.316Z [Modules] Streaming discord_krisp@1 to /home/braeden/.config/discord/0.0.32/modules/pending/discord_krisp-1.zip: 10%
2023-10-29T22:37:59.327Z [Modules] Streaming discord_krisp@1 to /home/braeden/.config/discord/0.0.32/modules/pending/discord_krisp-1.zip: 11%
2023-10-29T22:37:59.332Z [Modules] Streaming discord_krisp@1 to /home/braeden/.config/discord/0.0.32/modules/pending/discord_krisp-1.zip: 12%
2023-10-29T22:37:59.351Z [Modules] Streaming discord_krisp@1 to /home/braeden/.config/discord/0.0.32/modules/pending/discord_krisp-1.zip: 13%
2023-10-29T22:37:59.357Z [Modules] Streaming discord_krisp@1 to /home/braeden/.config/discord/0.0.32/modules/pending/discord_krisp-1.zip: 14%
2023-10-29T22:37:59.369Z [Modules] Streaming discord_krisp@1 to /home/braeden/.config/discord/0.0.32/modules/pending/discord_krisp-1.zip: 15%
2023-10-29T22:37:59.377Z [Modules] Streaming discord_krisp@1 to /home/braeden/.config/discord/0.0.32/modules/pending/discord_krisp-1.zip: 16%
2023-10-29T22:37:59.397Z [Modules] Streaming discord_krisp@1 to /home/braeden/.config/discord/0.0.32/modules/pending/discord_krisp-1.zip: 18%
2023-10-29T22:37:59.400Z [Modules] Streaming discord_krisp@1 to /home/braeden/.config/discord/0.0.32/modules/pending/discord_krisp-1.zip: 19%
2023-10-29T22:37:59.413Z [Modules] Streaming discord_krisp@1 to /home/braeden/.config/discord/0.0.32/modules/pending/discord_krisp-1.zip: 20%
2023-10-29T22:37:59.418Z [Modules] Streaming discord_krisp@1 to /home/braeden/.config/discord/0.0.32/modules/pending/discord_krisp-1.zip: 21%
2023-10-29T22:37:59.445Z [Modules] Streaming discord_krisp@1 to /home/braeden/.config/discord/0.0.32/modules/pending/discord_krisp-1.zip: 22%
2023-10-29T22:37:59.453Z [Modules] Streaming discord_krisp@1 to /home/braeden/.config/discord/0.0.32/modules/pending/discord_krisp-1.zip: 23%
2023-10-29T22:37:59.459Z [Modules] Streaming discord_krisp@1 to /home/braeden/.config/discord/0.0.32/modules/pending/discord_krisp-1.zip: 24%
2023-10-29T22:37:59.472Z [Modules] Streaming discord_krisp@1 to /home/braeden/.config/discord/0.0.32/modules/pending/discord_krisp-1.zip: 25%
2023-10-29T22:37:59.478Z [Modules] Streaming discord_krisp@1 to /home/braeden/.config/discord/0.0.32/modules/pending/discord_krisp-1.zip: 26%
2023-10-29T22:37:59.487Z [Modules] Streaming discord_krisp@1 to /home/braeden/.config/discord/0.0.32/modules/pending/discord_krisp-1.zip: 27%
2023-10-29T22:37:59.498Z [Modules] Streaming discord_krisp@1 to /home/braeden/.config/discord/0.0.32/modules/pending/discord_krisp-1.zip: 28%
2023-10-29T22:37:59.512Z [Modules] Streaming discord_krisp@1 to /home/braeden/.config/discord/0.0.32/modules/pending/discord_krisp-1.zip: 29%
2023-10-29T22:37:59.520Z [Modules] Streaming discord_krisp@1 to /home/braeden/.config/discord/0.0.32/modules/pending/discord_krisp-1.zip: 30%
2023-10-29T22:37:59.529Z [Modules] Streaming discord_krisp@1 to /home/braeden/.config/discord/0.0.32/modules/pending/discord_krisp-1.zip: 31%
2023-10-29T22:37:59.542Z [Modules] Streaming discord_krisp@1 to /home/braeden/.config/discord/0.0.32/modules/pending/discord_krisp-1.zip: 32%
2023-10-29T22:37:59.550Z [Modules] Streaming discord_krisp@1 to /home/braeden/.config/discord/0.0.32/modules/pending/discord_krisp-1.zip: 33%
2023-10-29T22:37:59.563Z [Modules] Streaming discord_krisp@1 to /home/braeden/.config/discord/0.0.32/modules/pending/discord_krisp-1.zip: 34%
2023-10-29T22:37:59.570Z [Modules] Streaming discord_krisp@1 to /home/braeden/.config/discord/0.0.32/modules/pending/discord_krisp-1.zip: 35%
2023-10-29T22:37:59.579Z [Modules] Streaming discord_krisp@1 to /home/braeden/.config/discord/0.0.32/modules/pending/discord_krisp-1.zip: 36%
2023-10-29T22:37:59.585Z [Modules] Streaming discord_krisp@1 to /home/braeden/.config/discord/0.0.32/modules/pending/discord_krisp-1.zip: 37%
2023-10-29T22:37:59.594Z [Modules] Streaming discord_krisp@1 to /home/braeden/.config/discord/0.0.32/modules/pending/discord_krisp-1.zip: 38%
2023-10-29T22:37:59.605Z [Modules] Streaming discord_krisp@1 to /home/braeden/.config/discord/0.0.32/modules/pending/discord_krisp-1.zip: 39%
2023-10-29T22:37:59.616Z [Modules] Streaming discord_krisp@1 to /home/braeden/.config/discord/0.0.32/modules/pending/discord_krisp-1.zip: 40%
2023-10-29T22:37:59.632Z [Modules] Streaming discord_krisp@1 to /home/braeden/.config/discord/0.0.32/modules/pending/discord_krisp-1.zip: 41%
2023-10-29T22:37:59.640Z [Modules] Streaming discord_krisp@1 to /home/braeden/.config/discord/0.0.32/modules/pending/discord_krisp-1.zip: 42%
2023-10-29T22:37:59.648Z [Modules] Streaming discord_krisp@1 to /home/braeden/.config/discord/0.0.32/modules/pending/discord_krisp-1.zip: 43%
2023-10-29T22:37:59.660Z [Modules] Streaming discord_krisp@1 to /home/braeden/.config/discord/0.0.32/modules/pending/discord_krisp-1.zip: 44%
2023-10-29T22:37:59.674Z [Modules] Streaming discord_krisp@1 to /home/braeden/.config/discord/0.0.32/modules/pending/discord_krisp-1.zip: 45%
2023-10-29T22:37:59.681Z [Modules] Streaming discord_krisp@1 to /home/braeden/.config/discord/0.0.32/modules/pending/discord_krisp-1.zip: 46%
2023-10-29T22:37:59.692Z [Modules] Streaming discord_krisp@1 to /home/braeden/.config/discord/0.0.32/modules/pending/discord_krisp-1.zip: 47%
2023-10-29T22:37:59.698Z [Modules] Streaming discord_krisp@1 to /home/braeden/.config/discord/0.0.32/modules/pending/discord_krisp-1.zip: 48%
2023-10-29T22:37:59.704Z [Modules] Streaming discord_krisp@1 to /home/braeden/.config/discord/0.0.32/modules/pending/discord_krisp-1.zip: 49%
2023-10-29T22:37:59.717Z [Modules] Streaming discord_krisp@1 to /home/braeden/.config/discord/0.0.32/modules/pending/discord_krisp-1.zip: 50%
2023-10-29T22:37:59.728Z [Modules] Streaming discord_krisp@1 to /home/braeden/.config/discord/0.0.32/modules/pending/discord_krisp-1.zip: 51%
2023-10-29T22:37:59.735Z [Modules] Streaming discord_krisp@1 to /home/braeden/.config/discord/0.0.32/modules/pending/discord_krisp-1.zip: 52%
2023-10-29T22:37:59.747Z [Modules] Streaming discord_krisp@1 to /home/braeden/.config/discord/0.0.32/modules/pending/discord_krisp-1.zip: 53%
2023-10-29T22:37:59.756Z [Modules] Streaming discord_krisp@1 to /home/braeden/.config/discord/0.0.32/modules/pending/discord_krisp-1.zip: 54%
2023-10-29T22:37:59.763Z [Modules] Streaming discord_krisp@1 to /home/braeden/.config/discord/0.0.32/modules/pending/discord_krisp-1.zip: 55%
2023-10-29T22:37:59.788Z [Modules] Streaming discord_krisp@1 to /home/braeden/.config/discord/0.0.32/modules/pending/discord_krisp-1.zip: 56%
2023-10-29T22:37:59.797Z [Modules] Streaming discord_krisp@1 to /home/braeden/.config/discord/0.0.32/modules/pending/discord_krisp-1.zip: 57%
2023-10-29T22:37:59.802Z [Modules] Streaming discord_krisp@1 to /home/braeden/.config/discord/0.0.32/modules/pending/discord_krisp-1.zip: 58%
2023-10-29T22:37:59.823Z [Modules] Streaming discord_krisp@1 to /home/braeden/.config/discord/0.0.32/modules/pending/discord_krisp-1.zip: 59%
2023-10-29T22:37:59.835Z [Modules] Streaming discord_krisp@1 to /home/braeden/.config/discord/0.0.32/modules/pending/discord_krisp-1.zip: 60%
2023-10-29T22:37:59.841Z [Modules] Streaming discord_krisp@1 to /home/braeden/.config/discord/0.0.32/modules/pending/discord_krisp-1.zip: 61%
2023-10-29T22:37:59.851Z [Modules] Streaming discord_krisp@1 to /home/braeden/.config/discord/0.0.32/modules/pending/discord_krisp-1.zip: 62%
2023-10-29T22:37:59.865Z [Modules] Streaming discord_krisp@1 to /home/braeden/.config/discord/0.0.32/modules/pending/discord_krisp-1.zip: 63%
2023-10-29T22:37:59.878Z [Modules] Streaming discord_krisp@1 to /home/braeden/.config/discord/0.0.32/modules/pending/discord_krisp-1.zip: 64%
2023-10-29T22:37:59.904Z [Modules] Streaming discord_krisp@1 to /home/braeden/.config/discord/0.0.32/modules/pending/discord_krisp-1.zip: 65%
2023-10-29T22:37:59.906Z [Modules] Streaming discord_krisp@1 to /home/braeden/.config/discord/0.0.32/modules/pending/discord_krisp-1.zip: 66%
2023-10-29T22:37:59.912Z [Modules] Streaming discord_krisp@1 to /home/braeden/.config/discord/0.0.32/modules/pending/discord_krisp-1.zip: 68%
2023-10-29T22:37:59.927Z [Modules] Streaming discord_krisp@1 to /home/braeden/.config/discord/0.0.32/modules/pending/discord_krisp-1.zip: 69%
2023-10-29T22:37:59.945Z [Modules] Streaming discord_krisp@1 to /home/braeden/.config/discord/0.0.32/modules/pending/discord_krisp-1.zip: 70%
2023-10-29T22:37:59.965Z [Modules] Streaming discord_krisp@1 to /home/braeden/.config/discord/0.0.32/modules/pending/discord_krisp-1.zip: 71%
2023-10-29T22:37:59.969Z [Modules] Streaming discord_krisp@1 to /home/braeden/.config/discord/0.0.32/modules/pending/discord_krisp-1.zip: 72%
2023-10-29T22:37:59.995Z [Modules] Streaming discord_krisp@1 to /home/braeden/.config/discord/0.0.32/modules/pending/discord_krisp-1.zip: 73%
2023-10-29T22:37:59.998Z [Modules] Streaming discord_krisp@1 to /home/braeden/.config/discord/0.0.32/modules/pending/discord_krisp-1.zip: 75%
2023-10-29T22:38:00.020Z [Modules] Streaming discord_krisp@1 to /home/braeden/.config/discord/0.0.32/modules/pending/discord_krisp-1.zip: 76%
2023-10-29T22:38:00.024Z [Modules] Streaming discord_krisp@1 to /home/braeden/.config/discord/0.0.32/modules/pending/discord_krisp-1.zip: 77%
2023-10-29T22:38:00.030Z [Modules] Streaming discord_krisp@1 to /home/braeden/.config/discord/0.0.32/modules/pending/discord_krisp-1.zip: 78%
2023-10-29T22:38:00.035Z [Modules] Streaming discord_krisp@1 to /home/braeden/.config/discord/0.0.32/modules/pending/discord_krisp-1.zip: 79%
2023-10-29T22:38:00.061Z [Modules] Streaming discord_krisp@1 to /home/braeden/.config/discord/0.0.32/modules/pending/discord_krisp-1.zip: 80%
2023-10-29T22:38:00.069Z [Modules] Streaming discord_krisp@1 to /home/braeden/.config/discord/0.0.32/modules/pending/discord_krisp-1.zip: 81%
2023-10-29T22:38:00.122Z [Modules] Streaming discord_krisp@1 to /home/braeden/.config/discord/0.0.32/modules/pending/discord_krisp-1.zip: 82%
2023-10-29T22:38:00.123Z [Modules] Streaming discord_krisp@1 to /home/braeden/.config/discord/0.0.32/modules/pending/discord_krisp-1.zip: 84%
2023-10-29T22:38:00.130Z [Modules] Streaming discord_krisp@1 to /home/braeden/.config/discord/0.0.32/modules/pending/discord_krisp-1.zip: 85%
2023-10-29T22:38:00.164Z [Modules] Streaming discord_krisp@1 to /home/braeden/.config/discord/0.0.32/modules/pending/discord_krisp-1.zip: 89%
2023-10-29T22:38:00.171Z [Modules] Streaming discord_krisp@1 to /home/braeden/.config/discord/0.0.32/modules/pending/discord_krisp-1.zip: 90%
2023-10-29T22:38:00.196Z [Modules] Streaming discord_krisp@1 to /home/braeden/.config/discord/0.0.32/modules/pending/discord_krisp-1.zip: 91%
2023-10-29T22:38:00.210Z [Modules] Streaming discord_krisp@1 to /home/braeden/.config/discord/0.0.32/modules/pending/discord_krisp-1.zip: 92%
2023-10-29T22:38:00.247Z [Modules] Streaming discord_krisp@1 to /home/braeden/.config/discord/0.0.32/modules/pending/discord_krisp-1.zip: 93%
2023-10-29T22:38:00.274Z [Modules] Streaming discord_krisp@1 to /home/braeden/.config/discord/0.0.32/modules/pending/discord_krisp-1.zip: 94%
2023-10-29T22:38:00.285Z [Modules] Streaming discord_krisp@1 to /home/braeden/.config/discord/0.0.32/modules/pending/discord_krisp-1.zip: 95%
2023-10-29T22:38:00.297Z [Modules] Streaming discord_krisp@1 to /home/braeden/.config/discord/0.0.32/modules/pending/discord_krisp-1.zip: 96%
2023-10-29T22:38:00.411Z [Modules] Streaming discord_krisp@1 to /home/braeden/.config/discord/0.0.32/modules/pending/discord_krisp-1.zip: 97%
2023-10-29T22:38:00.429Z [Modules] Streaming discord_krisp@1 to /home/braeden/.config/discord/0.0.32/modules/pending/discord_krisp-1.zip: 98%
2023-10-29T22:38:00.437Z [Modules] Streaming discord_krisp@1 to /home/braeden/.config/discord/0.0.32/modules/pending/discord_krisp-1.zip: 99%
2023-10-29T22:38:00.448Z [Modules] Streaming discord_krisp@1 to /home/braeden/.config/discord/0.0.32/modules/pending/discord_krisp-1.zip: 100%
2023-10-29T22:38:00.468Z [Modules] Fetching discord_game_utils@1 from https://discord.com/api/modules/stable/discord_game_utils/1
2023-10-29T22:38:00.469Z [Modules] Streaming discord_game_utils@1 to /home/braeden/.config/discord/0.0.32/modules/pending/discord_game_utils-1.zip
2023-10-29T22:38:00.469Z [Modules] Installing discord_krisp@1 from /home/braeden/.config/discord/0.0.32/modules/pending/discord_krisp-1.zip
2023-10-29T22:38:00.704Z [Modules] Streaming discord_game_utils@1 to /home/braeden/.config/discord/0.0.32/modules/pending/discord_game_utils-1.zip: 3%
2023-10-29T22:38:00.717Z [Modules] Streaming discord_game_utils@1 to /home/braeden/.config/discord/0.0.32/modules/pending/discord_game_utils-1.zip: 6%
2023-10-29T22:38:00.720Z [Modules] Streaming discord_game_utils@1 to /home/braeden/.config/discord/0.0.32/modules/pending/discord_game_utils-1.zip: 11%
2023-10-29T22:38:00.722Z [Modules] Streaming discord_game_utils@1 to /home/braeden/.config/discord/0.0.32/modules/pending/discord_game_utils-1.zip: 19%
2023-10-29T22:38:00.730Z [Modules] Streaming discord_game_utils@1 to /home/braeden/.config/discord/0.0.32/modules/pending/discord_game_utils-1.zip: 27%
2023-10-29T22:38:00.732Z [Modules] Streaming discord_game_utils@1 to /home/braeden/.config/discord/0.0.32/modules/pending/discord_game_utils-1.zip: 31%
2023-10-29T22:38:00.737Z [Modules] Streaming discord_game_utils@1 to /home/braeden/.config/discord/0.0.32/modules/pending/discord_game_utils-1.zip: 34%
2023-10-29T22:38:00.744Z [Modules] Streaming discord_game_utils@1 to /home/braeden/.config/discord/0.0.32/modules/pending/discord_game_utils-1.zip: 38%
2023-10-29T22:38:00.748Z [Modules] Streaming discord_game_utils@1 to /home/braeden/.config/discord/0.0.32/modules/pending/discord_game_utils-1.zip: 45%
2023-10-29T22:38:00.750Z [Modules] Streaming discord_game_utils@1 to /home/braeden/.config/discord/0.0.32/modules/pending/discord_game_utils-1.zip: 46%
2023-10-29T22:38:00.754Z [Modules] Streaming discord_game_utils@1 to /home/braeden/.config/discord/0.0.32/modules/pending/discord_game_utils-1.zip: 48%
2023-10-29T22:38:00.755Z [Modules] Streaming discord_game_utils@1 to /home/braeden/.config/discord/0.0.32/modules/pending/discord_game_utils-1.zip: 49%
2023-10-29T22:38:00.760Z [Modules] Streaming discord_game_utils@1 to /home/braeden/.config/discord/0.0.32/modules/pending/discord_game_utils-1.zip: 50%
2023-10-29T22:38:00.762Z [Modules] Streaming discord_game_utils@1 to /home/braeden/.config/discord/0.0.32/modules/pending/discord_game_utils-1.zip: 55%
2023-10-29T22:38:00.765Z [Modules] Streaming discord_game_utils@1 to /home/braeden/.config/discord/0.0.32/modules/pending/discord_game_utils-1.zip: 58%
2023-10-29T22:38:00.768Z [Modules] Streaming discord_game_utils@1 to /home/braeden/.config/discord/0.0.32/modules/pending/discord_game_utils-1.zip: 62%
2023-10-29T22:38:00.769Z [Modules] Streaming discord_game_utils@1 to /home/braeden/.config/discord/0.0.32/modules/pending/discord_game_utils-1.zip: 63%
2023-10-29T22:38:00.771Z [Modules] Streaming discord_game_utils@1 to /home/braeden/.config/discord/0.0.32/modules/pending/discord_game_utils-1.zip: 66%
2023-10-29T22:38:00.776Z [Modules] Streaming discord_game_utils@1 to /home/braeden/.config/discord/0.0.32/modules/pending/discord_game_utils-1.zip: 70%
2023-10-29T22:38:00.779Z [Modules] Streaming discord_game_utils@1 to /home/braeden/.config/discord/0.0.32/modules/pending/discord_game_utils-1.zip: 72%
2023-10-29T22:38:00.783Z [Modules] Streaming discord_game_utils@1 to /home/braeden/.config/discord/0.0.32/modules/pending/discord_game_utils-1.zip: 75%
2023-10-29T22:38:00.784Z [Modules] Streaming discord_game_utils@1 to /home/braeden/.config/discord/0.0.32/modules/pending/discord_game_utils-1.zip: 80%
2023-10-29T22:38:00.788Z [Modules] Streaming discord_game_utils@1 to /home/braeden/.config/discord/0.0.32/modules/pending/discord_game_utils-1.zip: 83%
2023-10-29T22:38:00.792Z [Modules] Streaming discord_game_utils@1 to /home/braeden/.config/discord/0.0.32/modules/pending/discord_game_utils-1.zip: 87%
2023-10-29T22:38:00.795Z [Modules] Streaming discord_game_utils@1 to /home/braeden/.config/discord/0.0.32/modules/pending/discord_game_utils-1.zip: 90%
2023-10-29T22:38:00.798Z [Modules] Streaming discord_game_utils@1 to /home/braeden/.config/discord/0.0.32/modules/pending/discord_game_utils-1.zip: 92%
2023-10-29T22:38:00.809Z [Modules] Streaming discord_game_utils@1 to /home/braeden/.config/discord/0.0.32/modules/pending/discord_game_utils-1.zip: 95%
2023-10-29T22:38:00.812Z [Modules] Streaming discord_game_utils@1 to /home/braeden/.config/discord/0.0.32/modules/pending/discord_game_utils-1.zip: 100%
2023-10-29T22:38:00.815Z [Modules] Finished module downloads. [success: 2] [failure: 0]
2023-10-29T22:38:01.254Z [Modules] Checking for host updates.
2023-10-29T22:38:01.366Z [Modules] Host is up to date.
2023-10-29T22:38:01.367Z [Modules] Checking for module updates at https://discord.com/api/modules/stable/versions.json
2023-10-29T22:38:01.373Z [Modules] No module updates available.
2023-10-29T22:38:01.764Z [Modules] Starting to install discord_rpc...
2023-10-29T22:38:01.765Z [Modules] Fetching discord_rpc@1 from https://discord.com/api/modules/stable/discord_rpc/1
2023-10-29T22:38:01.765Z [Modules] Streaming discord_rpc@1 to /home/braeden/.config/discord/0.0.32/modules/pending/discord_rpc-1.zip
2023-10-29T22:38:01.915Z [Modules] Streaming discord_rpc@1 to /home/braeden/.config/discord/0.0.32/modules/pending/discord_rpc-1.zip: 100%
2023-10-29T22:38:01.917Z [Modules] Finished module downloads. [success: 1] [failure: 0]
2023-10-29T22:38:02.174Z [Modules] Installing discord_game_utils@1 from /home/braeden/.config/discord/0.0.32/modules/pending/discord_game_utils-1.zip
2023-10-29T22:38:02.388Z [Modules] Installing discord_rpc@1 from /home/braeden/.config/discord/0.0.32/modules/pending/discord_rpc-1.zip
2023-10-29T22:38:02.442Z [Modules] Finished module installations. [success: 3] [failure: 0]
2023-10-29T22:39:12.364Z [Modules] Modules initializing
2023-10-29T22:39:12.364Z [Modules] Distribution: remote
2023-10-29T22:39:12.365Z [Modules] Host updates: enabled
2023-10-29T22:39:12.366Z [Modules] Module updates: enabled
2023-10-29T22:39:12.367Z [Modules] Module install path: /home/braeden/.config/discord/0.0.32/modules
2023-10-29T22:39:12.367Z [Modules] Module installed file path: /home/braeden/.config/discord/0.0.32/modules/installed.json
2023-10-29T22:39:12.367Z [Modules] Module download path: /home/braeden/.config/discord/0.0.32/modules/pending
2023-10-29T22:39:12.663Z [Modules] No updates to install
2023-10-29T22:39:12.665Z [Modules] Checking for host updates.
2023-10-29T22:39:12.921Z [Modules] Host is up to date.
2023-10-29T22:39:12.921Z [Modules] Checking for module updates at https://discord.com/api/modules/stable/versions.json
2023-10-29T22:39:12.929Z [Modules] No module updates available.
2023-10-29T22:39:17.154Z [Modules] Checking for host updates.
2023-10-29T22:39:17.259Z [Modules] Host is up to date.
2023-10-29T22:39:17.260Z [Modules] Checking for module updates at https://discord.com/api/modules/stable/versions.json
2023-10-29T22:39:17.266Z [Modules] No module updates available.
2023-10-29T22:39:19.144Z [Modules] Checking for host updates.
2023-10-29T22:39:19.243Z [Modules] Host is up to date.
2023-10-29T22:39:19.243Z [Modules] Checking for module updates at https://discord.com/api/modules/stable/versions.json
2023-10-29T22:39:19.251Z [Modules] No module updates available.
