2023-10-29T22:37:46.653Z 0: 

----------------------------------------------
2023-10-29T22:37:46.676Z 1: Discord starting: {"releaseChannel":"stable","version":"0.0.32"}, modulepath: /home/braeden/.config/discord/0.0.32/modules
2023-10-29T22:37:46.680Z 2: ✅ webContents.created web1 ""
2023-10-29T22:37:46.684Z 3: ✅ window.created win1 "discord"
2023-10-29T22:37:47.083Z 4: ✅ webContents.did-finish-load web1
2023-10-29T22:37:55.987Z 5: ✅ webContents.created web2 ""
2023-10-29T22:37:56.013Z 6: ✅ window.created win2 "Discord"
2023-10-29T22:38:02.183Z 7: ✅ webContents.did-finish-load web2
2023-10-29T22:38:02.281Z 8: window.close win1
2023-10-29T22:38:02.293Z 9: webContents.destroyed web1
2023-10-29T22:38:02.296Z 10: window.closed win1
2023-10-29T22:38:39.816Z 11: window.close win2
2023-10-29T22:38:39.950Z 12: webContents.destroyed web2
2023-10-29T22:38:39.963Z 13: window.closed win2
2023-10-29T22:39:12.413Z 0: 

----------------------------------------------
2023-10-29T22:39:12.452Z 1: Discord starting: {"releaseChannel":"stable","version":"0.0.32"}, modulepath: /home/braeden/.config/discord/0.0.32/modules
2023-10-29T22:39:12.479Z 2: ✅ webContents.created web1 ""
2023-10-29T22:39:12.487Z 3: ✅ window.created win1 "discord"
2023-10-29T22:39:12.849Z 4: ✅ webContents.did-finish-load web1
2023-10-29T22:39:13.074Z 5: ✅ webContents.created web2 ""
2023-10-29T22:39:13.102Z 6: ✅ window.created win2 "Discord"
2023-10-29T22:39:17.531Z 7: ❌ webContents.did-fail-load web2" -3 
2023-10-29T22:39:19.556Z 8: ✅ webContents.did-finish-load web2
2023-10-29T22:39:19.644Z 9: window.close win1
2023-10-29T22:39:19.697Z 10: webContents.destroyed web1
2023-10-29T22:39:19.703Z 11: window.closed win1
