0 verbose cli /usr/bin/node /usr/bin/npm
1 info using npm@10.2.0
2 info using node@v20.8.0
3 timing npm:load:whichnode Completed in 30ms
4 timing config:load:defaults Completed in 4ms
5 timing config:load:file:/usr/lib/node_modules/npm/npmrc Completed in 10ms
6 timing config:load:builtin Completed in 11ms
7 timing config:load:cli Completed in 8ms
8 timing config:load:env Completed in 2ms
9 timing config:load:project Completed in 12ms
10 timing config:load:file:/home/braeden/.npmrc Completed in 0ms
11 timing config:load:user Completed in 0ms
12 timing config:load:file:/etc/npmrc Completed in 4ms
13 timing config:load:global Completed in 4ms
14 timing config:load:setEnvs Completed in 2ms
15 timing config:load Completed in 53ms
16 timing npm:load:configload Completed in 54ms
17 timing config:load:flatten Completed in 12ms
18 timing npm:load:mkdirpcache Completed in 15ms
19 timing npm:load:mkdirplogs Completed in 1ms
20 verbose title npm install pnpm
21 verbose argv "install" "--global" "pnpm"
22 timing npm:load:setTitle Completed in 13ms
23 timing npm:load:display Completed in 2ms
24 verbose logfile logs-max:10 dir:/home/braeden/.npm/_logs/2023-10-05T04_44_25_109Z-
25 verbose logfile /home/braeden/.npm/_logs/2023-10-05T04_44_25_109Z-debug-0.log
26 timing npm:load:logFile Completed in 28ms
27 timing npm:load:timers Completed in 0ms
28 timing npm:load:configScope Completed in 0ms
29 timing npm:load Completed in 220ms
30 timing config:load:flatten Completed in 1ms
31 timing arborist:ctor Completed in 2ms
32 silly logfile done cleaning log files
33 timing idealTree:init Completed in 47ms
34 timing idealTree:userRequests Completed in 13ms
35 silly idealTree buildDeps
36 silly fetch manifest pnpm@*
37 http fetch GET 200 https://registry.npmjs.org/pnpm 834ms (cache miss)
38 silly placeDep ROOT pnpm@8.8.0 OK for:  want: *
39 timing idealTree:#root Completed in 887ms
40 timing idealTree:node_modules/pnpm Completed in 0ms
41 timing idealTree:buildDeps Completed in 891ms
42 timing idealTree:fixDepFlags Completed in 1ms
43 timing idealTree Completed in 956ms
44 timing reify:loadTrees Completed in 990ms
45 timing reify:diffTrees Completed in 5ms
46 silly reify mark retired [ '/usr/lib/node_modules/pnpm', '/usr/bin/pnpm', '/usr/bin/pnpx' ]
47 silly reify moves {
47 silly reify   '/usr/lib/node_modules/pnpm': '/usr/lib/node_modules/.pnpm-H0EZVZtB',
47 silly reify   '/usr/bin/pnpm': '/usr/bin/.pnpm-JTllyBcj',
47 silly reify   '/usr/bin/pnpx': '/usr/bin/.pnpx-MALdymCV'
47 silly reify }
48 timing reify:rollback:retireShallow Completed in 11ms
49 timing command:install Completed in 1101ms
50 verbose stack Error: EACCES: permission denied, rename '/usr/lib/node_modules/pnpm' -> '/usr/lib/node_modules/.pnpm-H0EZVZtB'
51 verbose cwd /home/braeden
52 verbose Linux 6.5.5-arch1-1
53 verbose node v20.8.0
54 verbose npm  v10.2.0
55 error code EACCES
56 error syscall rename
57 error path /usr/lib/node_modules/pnpm
58 error dest /usr/lib/node_modules/.pnpm-H0EZVZtB
59 error errno -13
60 error [Error: EACCES: permission denied, rename '/usr/lib/node_modules/pnpm' -> '/usr/lib/node_modules/.pnpm-H0EZVZtB'] {
60 error   errno: -13,
60 error   code: 'EACCES',
60 error   syscall: 'rename',
60 error   path: '/usr/lib/node_modules/pnpm',
60 error   dest: '/usr/lib/node_modules/.pnpm-H0EZVZtB'
60 error }
61 error
61 error The operation was rejected by your operating system.
61 error It is likely you do not have the permissions to access this file as the current user
61 error
61 error If you believe this might be a permissions issue, please double-check the
61 error permissions of the file and its containing directories, or try running
61 error the command again as root/Administrator.
62 verbose exit -13
63 timing npm Completed in 1922ms
64 verbose unfinished npm timer reify 1696481065942
65 verbose unfinished npm timer reify:retireShallow 1696481066982
66 verbose code -13
67 error A complete log of this run can be found in: /home/braeden/.npm/_logs/2023-10-05T04_44_25_109Z-debug-0.log
