0 verbose cli /usr/bin/node /usr/bin/npm
1 info using npm@10.1.0
2 info using node@v20.7.0
3 timing npm:load:whichnode Completed in 3ms
4 timing config:load:defaults Completed in 3ms
5 timing config:load:file:/usr/lib/node_modules/npm/npmrc Completed in 7ms
6 timing config:load:builtin Completed in 8ms
7 timing config:load:cli Completed in 3ms
8 timing config:load:env Completed in 1ms
9 timing config:load:project Completed in 1ms
10 timing config:load:file:/home/braeden/.npmrc Completed in 1ms
11 timing config:load:user Completed in 1ms
12 timing config:load:file:/etc/npmrc Completed in 0ms
13 timing config:load:global Completed in 0ms
14 timing config:load:setEnvs Completed in 1ms
15 timing config:load Completed in 18ms
16 timing npm:load:configload Completed in 18ms
17 timing config:load:flatten Completed in 3ms
18 timing npm:load:mkdirpcache Completed in 0ms
19 timing npm:load:mkdirplogs Completed in 0ms
20 verbose title npm i alacritty-themes
21 verbose argv "i" "--global" "alacritty-themes"
22 timing npm:load:setTitle Completed in 1ms
23 timing npm:load:display Completed in 1ms
24 verbose logfile logs-max:10 dir:/home/braeden/.npm/_logs/2023-09-28T03_40_48_193Z-
25 verbose logfile /home/braeden/.npm/_logs/2023-09-28T03_40_48_193Z-debug-0.log
26 timing npm:load:logFile Completed in 12ms
27 timing npm:load:timers Completed in 0ms
28 timing npm:load:configScope Completed in 0ms
29 timing npm:load Completed in 59ms
30 timing config:load:flatten Completed in 1ms
31 timing arborist:ctor Completed in 1ms
32 timing idealTree:init Completed in 12ms
33 timing idealTree:userRequests Completed in 3ms
34 silly idealTree buildDeps
35 silly fetch manifest alacritty-themes@*
36 silly logfile done cleaning log files
37 http fetch GET 200 https://registry.npmjs.org/npm 325ms (cache miss)
38 http fetch GET 200 https://registry.npmjs.org/alacritty-themes 482ms (cache miss)
39 silly placeDep ROOT alacritty-themes@5.3.1 OK for:  want: *
40 silly fetch manifest prompts@2.4.2
41 silly fetch manifest temp@0.9.4
42 silly fetch manifest yaml@1.10.2
43 http fetch GET 200 https://registry.npmjs.org/prompts 61ms (cache miss)
44 http fetch GET 200 https://registry.npmjs.org/temp 71ms (cache miss)
45 http fetch GET 200 https://registry.npmjs.org/yaml 132ms (cache miss)
46 timing idealTree:#root Completed in 631ms
47 silly placeDep node_modules/alacritty-themes prompts@2.4.2 OK for: alacritty-themes@5.3.1 want: 2.4.2
48 silly fetch manifest kleur@^3.0.3
49 silly fetch manifest sisteransi@^1.0.5
50 silly placeDep node_modules/alacritty-themes temp@0.9.4 OK for: alacritty-themes@5.3.1 want: 0.9.4
51 silly fetch manifest rimraf@~2.6.2
52 silly fetch manifest mkdirp@^0.5.1
53 silly placeDep node_modules/alacritty-themes yaml@1.10.2 OK for: alacritty-themes@5.3.1 want: 1.10.2
54 http fetch GET 200 https://registry.npmjs.org/kleur 42ms (cache miss)
55 http fetch GET 200 https://registry.npmjs.org/sisteransi 58ms (cache miss)
56 http fetch GET 200 https://registry.npmjs.org/rimraf 58ms (cache miss)
57 http fetch GET 200 https://registry.npmjs.org/mkdirp 109ms (cache miss)
58 timing idealTree:node_modules/alacritty-themes Completed in 124ms
59 silly placeDep node_modules/alacritty-themes kleur@3.0.3 OK for: prompts@2.4.2 want: ^3.0.3
60 silly placeDep node_modules/alacritty-themes sisteransi@1.0.5 OK for: prompts@2.4.2 want: ^1.0.5
61 timing idealTree:node_modules/alacritty-themes/node_modules/prompts Completed in 7ms
62 timing idealTree:node_modules/alacritty-themes/node_modules/kleur Completed in 0ms
63 timing idealTree:node_modules/alacritty-themes/node_modules/sisteransi Completed in 0ms
64 silly placeDep node_modules/alacritty-themes mkdirp@0.5.6 OK for: temp@0.9.4 want: ^0.5.1
65 silly fetch manifest minimist@^1.2.6
66 silly placeDep node_modules/alacritty-themes rimraf@2.6.3 OK for: temp@0.9.4 want: ~2.6.2
67 silly fetch manifest glob@^7.1.3
68 http fetch GET 200 https://registry.npmjs.org/minimist 55ms (cache miss)
69 http fetch GET 200 https://registry.npmjs.org/glob 54ms (cache miss)
70 timing idealTree:node_modules/alacritty-themes/node_modules/temp Completed in 66ms
71 silly placeDep node_modules/alacritty-themes minimist@1.2.8 OK for: mkdirp@0.5.6 want: ^1.2.6
72 timing idealTree:node_modules/alacritty-themes/node_modules/mkdirp Completed in 5ms
73 timing idealTree:node_modules/alacritty-themes/node_modules/minimist Completed in 1ms
74 silly placeDep node_modules/alacritty-themes glob@7.2.3 OK for: rimraf@2.6.3 want: ^7.1.3
75 silly fetch manifest fs.realpath@^1.0.0
76 silly fetch manifest inflight@^1.0.4
77 silly fetch manifest inherits@2
78 silly fetch manifest minimatch@^3.1.1
79 silly fetch manifest once@^1.3.0
80 silly fetch manifest path-is-absolute@^1.0.0
81 http fetch GET 200 https://registry.npmjs.org/inflight 46ms (cache miss)
82 http fetch GET 200 https://registry.npmjs.org/fs.realpath 50ms (cache miss)
83 http fetch GET 200 https://registry.npmjs.org/minimatch 57ms (cache miss)
84 http fetch GET 200 https://registry.npmjs.org/inherits 65ms (cache miss)
85 http fetch GET 200 https://registry.npmjs.org/path-is-absolute 96ms (cache miss)
86 http fetch GET 200 https://registry.npmjs.org/once 110ms (cache miss)
87 timing idealTree:node_modules/alacritty-themes/node_modules/rimraf Completed in 117ms
88 silly placeDep node_modules/alacritty-themes fs.realpath@1.0.0 OK for: glob@7.2.3 want: ^1.0.0
89 silly placeDep node_modules/alacritty-themes inflight@1.0.6 OK for: glob@7.2.3 want: ^1.0.4
90 silly fetch manifest wrappy@1
91 silly placeDep node_modules/alacritty-themes inherits@2.0.4 OK for: glob@7.2.3 want: 2
92 silly placeDep node_modules/alacritty-themes minimatch@3.1.2 OK for: glob@7.2.3 want: ^3.1.1
93 silly fetch manifest brace-expansion@^1.1.7
94 silly placeDep node_modules/alacritty-themes once@1.4.0 OK for: glob@7.2.3 want: ^1.3.0
95 silly placeDep node_modules/alacritty-themes path-is-absolute@1.0.1 OK for: glob@7.2.3 want: ^1.0.0
96 http fetch GET 200 https://registry.npmjs.org/wrappy 59ms (cache miss)
97 http fetch GET 200 https://registry.npmjs.org/brace-expansion 70ms (cache miss)
98 timing idealTree:node_modules/alacritty-themes/node_modules/glob Completed in 87ms
99 timing idealTree:node_modules/alacritty-themes/node_modules/fs.realpath Completed in 0ms
100 silly placeDep node_modules/alacritty-themes wrappy@1.0.2 OK for: inflight@1.0.6 want: 1
101 timing idealTree:node_modules/alacritty-themes/node_modules/inflight Completed in 5ms
102 timing idealTree:node_modules/alacritty-themes/node_modules/inherits Completed in 0ms
103 silly placeDep node_modules/alacritty-themes brace-expansion@1.1.11 OK for: minimatch@3.1.2 want: ^1.1.7
104 silly fetch manifest balanced-match@^1.0.0
105 silly fetch manifest concat-map@0.0.1
106 http fetch GET 200 https://registry.npmjs.org/balanced-match 53ms (cache miss)
107 http fetch GET 200 https://registry.npmjs.org/concat-map 64ms (cache miss)
108 timing idealTree:node_modules/alacritty-themes/node_modules/minimatch Completed in 70ms
109 silly placeDep node_modules/alacritty-themes balanced-match@1.0.2 OK for: brace-expansion@1.1.11 want: ^1.0.0
110 silly placeDep node_modules/alacritty-themes concat-map@0.0.1 OK for: brace-expansion@1.1.11 want: 0.0.1
111 timing idealTree:node_modules/alacritty-themes/node_modules/brace-expansion Completed in 4ms
112 timing idealTree:node_modules/alacritty-themes/node_modules/balanced-match Completed in 0ms
113 timing idealTree:node_modules/alacritty-themes/node_modules/concat-map Completed in 1ms
114 timing idealTree:node_modules/alacritty-themes/node_modules/once Completed in 0ms
115 timing idealTree:node_modules/alacritty-themes/node_modules/path-is-absolute Completed in 0ms
116 timing idealTree:node_modules/alacritty-themes/node_modules/wrappy Completed in 0ms
117 timing idealTree:node_modules/alacritty-themes/node_modules/yaml Completed in 0ms
118 timing idealTree:buildDeps Completed in 1123ms
119 timing idealTree:fixDepFlags Completed in 2ms
120 timing idealTree Completed in 1141ms
121 timing reify:loadTrees Completed in 1145ms
122 timing reify:diffTrees Completed in 3ms
123 silly reify moves {}
124 timing reify:retireShallow Completed in 2ms
125 timing reify:rollback:createSparse Completed in 0ms
126 timing reify:rollback:retireShallow Completed in 1ms
127 timing command:i Completed in 1227ms
128 verbose stack Error: EACCES: permission denied, mkdir '/usr/lib/node_modules/alacritty-themes'
129 verbose cwd /home/braeden
130 verbose Linux 6.5.5-arch1-1
131 verbose node v20.7.0
132 verbose npm  v10.1.0
133 error code EACCES
134 error syscall mkdir
135 error path /usr/lib/node_modules/alacritty-themes
136 error errno -13
137 error [Error: EACCES: permission denied, mkdir '/usr/lib/node_modules/alacritty-themes'] {
137 error   errno: -13,
137 error   code: 'EACCES',
137 error   syscall: 'mkdir',
137 error   path: '/usr/lib/node_modules/alacritty-themes'
137 error }
138 error
138 error The operation was rejected by your operating system.
138 error It is likely you do not have the permissions to access this file as the current user
138 error
138 error If you believe this might be a permissions issue, please double-check the
138 error permissions of the file and its containing directories, or try running
138 error the command again as root/Administrator.
139 verbose exit -13
140 timing npm Completed in 1520ms
141 verbose unfinished npm timer reify 1695872448489
142 verbose unfinished npm timer reify:createSparse 1695872449705
143 verbose code -13
144 error A complete log of this run can be found in: /home/braeden/.npm/_logs/2023-09-28T03_40_48_193Z-debug-0.log
