0 verbose cli /usr/bin/node /usr/bin/npm
1 info using npm@10.2.0
2 info using node@v20.8.0
3 timing npm:load:whichnode Completed in 7ms
4 timing config:load:defaults Completed in 6ms
5 timing config:load:file:/usr/lib/node_modules/npm/npmrc Completed in 20ms
6 timing config:load:builtin Completed in 21ms
7 timing config:load:cli Completed in 3ms
8 timing config:load:env Completed in 0ms
9 timing config:load:file:/home/braeden/lincebi/.npmrc Completed in 3ms
10 timing config:load:project Completed in 14ms
11 timing config:load:file:/home/braeden/.npmrc Completed in 1ms
12 timing config:load:user Completed in 1ms
13 timing config:load:file:/etc/npmrc Completed in 0ms
14 timing config:load:global Completed in 0ms
15 timing config:load:setEnvs Completed in 2ms
16 timing config:load Completed in 49ms
17 timing npm:load:configload Completed in 49ms
18 timing config:load:flatten Completed in 4ms
19 timing npm:load:mkdirpcache Completed in 3ms
20 timing npm:load:mkdirplogs Completed in 0ms
21 verbose title npm fund
22 verbose argv "fund"
23 timing npm:load:setTitle Completed in 1ms
24 timing npm:load:display Completed in 1ms
25 verbose logfile logs-max:10 dir:/home/braeden/.npm/_logs/2023-10-05T06_02_38_978Z-
26 verbose logfile /home/braeden/.npm/_logs/2023-10-05T06_02_38_978Z-debug-0.log
27 timing npm:load:logFile Completed in 24ms
28 timing npm:load:timers Completed in 0ms
29 timing npm:load:configScope Completed in 0ms
30 timing npm:load Completed in 127ms
31 timing arborist:ctor Completed in 1ms
32 silly logfile done cleaning log files
33 timing arborist:ctor Completed in 0ms
34 timing command:fund Completed in 62ms
35 verbose exit 0
36 timing npm Completed in 542ms
37 info ok
