0 verbose cli /usr/bin/node /usr/bin/npm
1 info using npm@10.2.0
2 info using node@v20.8.0
3 timing npm:load:whichnode Completed in 34ms
4 timing config:load:defaults Completed in 4ms
5 timing config:load:file:/usr/lib/node_modules/npm/npmrc Completed in 13ms
6 timing config:load:builtin Completed in 14ms
7 timing config:load:cli Completed in 4ms
8 timing config:load:env Completed in 1ms
9 timing config:load:file:/home/braeden/.local/share/nvim/mason/staging/typescript-language-server/.npmrc Completed in 10ms
10 timing config:load:project Completed in 17ms
11 timing config:load:file:/home/braeden/.npmrc Completed in 0ms
12 timing config:load:user Completed in 0ms
13 timing config:load:file:/etc/npmrc Completed in 0ms
14 timing config:load:global Completed in 0ms
15 timing config:load:setEnvs Completed in 2ms
16 timing config:load Completed in 43ms
17 timing npm:load:configload Completed in 44ms
18 timing config:load:flatten Completed in 17ms
19 timing npm:load:mkdirpcache Completed in 7ms
20 timing npm:load:mkdirplogs Completed in 1ms
21 verbose title npm install typescript-language-server@3.3.2 typescript
22 verbose argv "install" "typescript-language-server@3.3.2" "typescript"
23 timing npm:load:setTitle Completed in 1ms
24 timing npm:load:display Completed in 1ms
25 verbose logfile logs-max:10 dir:/home/braeden/.npm/_logs/2023-10-14T03_20_42_215Z-
26 verbose logfile /home/braeden/.npm/_logs/2023-10-14T03_20_42_215Z-debug-0.log
27 timing npm:load:logFile Completed in 38ms
28 timing npm:load:timers Completed in 1ms
29 timing npm:load:configScope Completed in 0ms
30 timing npm:load Completed in 201ms
31 timing arborist:ctor Completed in 20ms
32 silly logfile start cleaning logs, removing 2 files
33 silly logfile done cleaning log files
34 timing arborist:ctor Completed in 0ms
35 timing idealTree:init Completed in 64ms
36 timing idealTree:userRequests Completed in 19ms
37 silly idealTree buildDeps
38 silly fetch manifest typescript-language-server@3.3.2
39 http fetch GET 200 https://registry.npmjs.org/typescript-language-server 689ms (cache revalidated)
40 silly fetch manifest typescript@*
41 http fetch GET 200 https://registry.npmjs.org/typescript 706ms (cache updated)
42 silly placeDep ROOT typescript@5.2.2 OK for: @mason/typescript-language-server@1.0.0 want: *
43 silly placeDep ROOT typescript-language-server@3.3.2 OK for: @mason/typescript-language-server@1.0.0 want: 3.3.2
44 timing idealTree:#root Completed in 1634ms
45 timing idealTree:node_modules/typescript Completed in 1ms
46 timing idealTree:node_modules/typescript-language-server Completed in 0ms
47 timing idealTree:buildDeps Completed in 1637ms
48 timing idealTree:fixDepFlags Completed in 2ms
49 timing idealTree Completed in 1726ms
50 timing reify:loadTrees Completed in 1729ms
51 timing reify:diffTrees Completed in 2ms
52 silly reify moves {}
53 timing reify:retireShallow Completed in 13ms
54 timing reify:createSparse Completed in 19ms
55 timing reify:loadBundles Completed in 0ms
56 silly audit bulk request { typescript: [ '5.2.2' ], 'typescript-language-server': [ '3.3.2' ] }
57 http fetch POST 200 https://registry.npmjs.org/-/npm/v1/security/advisories/bulk 759ms
58 timing auditReport:getReport Completed in 762ms
59 silly audit report {}
60 timing auditReport:init Completed in 0ms
61 timing reify:audit Completed in 764ms
62 timing reifyNode:node_modules/typescript-language-server Completed in 825ms
63 timing reifyNode:node_modules/typescript Completed in 1298ms
64 timing reify:unpack Completed in 1299ms
65 timing reify:unretire Completed in 0ms
66 timing build:queue Completed in 1ms
67 timing build:link:node_modules/typescript Completed in 16ms
68 timing build:link:node_modules/typescript-language-server Completed in 15ms
69 timing build:link Completed in 17ms
70 timing build:deps Completed in 19ms
71 timing build Completed in 19ms
72 timing reify:build Completed in 20ms
73 timing reify:trash Completed in 0ms
74 timing reify:save Completed in 30ms
75 timing reify Completed in 3174ms
76 silly ADD node_modules/typescript-language-server
77 silly ADD node_modules/typescript
78 timing command:install Completed in 3223ms
79 verbose exit 0
80 timing npm Completed in 3939ms
81 info ok
