0 verbose cli /usr/bin/node /usr/bin/npm
1 info using npm@10.1.0
2 info using node@v20.7.0
3 timing npm:load:whichnode Completed in 10ms
4 timing config:load:defaults Completed in 2ms
5 timing config:load:file:/usr/lib/node_modules/npm/npmrc Completed in 3ms
6 timing config:load:builtin Completed in 3ms
7 timing config:load:cli Completed in 3ms
8 timing config:load:env Completed in 1ms
9 timing config:load:file:/home/braeden/.local/share/nvim/mason/staging/typescript-language-server/.npmrc Completed in 1ms
10 timing config:load:project Completed in 3ms
11 timing config:load:file:/home/braeden/.npmrc Completed in 0ms
12 timing config:load:user Completed in 1ms
13 timing config:load:file:/etc/npmrc Completed in 0ms
14 timing config:load:global Completed in 0ms
15 timing config:load:setEnvs Completed in 1ms
16 timing config:load Completed in 16ms
17 timing npm:load:configload Completed in 16ms
18 timing config:load:flatten Completed in 5ms
19 timing npm:load:mkdirpcache Completed in 0ms
20 timing npm:load:mkdirplogs Completed in 0ms
21 verbose title npm install typescript-language-server@3.3.2 typescript
22 verbose argv "install" "typescript-language-server@3.3.2" "typescript"
23 timing npm:load:setTitle Completed in 1ms
24 timing npm:load:display Completed in 1ms
25 verbose logfile logs-max:10 dir:/home/braeden/.npm/_logs/2023-10-02T03_20_42_854Z-
26 verbose logfile /home/braeden/.npm/_logs/2023-10-02T03_20_42_854Z-debug-0.log
27 timing npm:load:logFile Completed in 12ms
28 timing npm:load:timers Completed in 0ms
29 timing npm:load:configScope Completed in 1ms
30 timing npm:load Completed in 69ms
31 timing arborist:ctor Completed in 2ms
32 silly logfile done cleaning log files
33 timing arborist:ctor Completed in 0ms
34 timing idealTree:init Completed in 20ms
35 timing idealTree:userRequests Completed in 6ms
36 silly idealTree buildDeps
37 silly fetch manifest typescript-language-server@3.3.2
38 http fetch GET 200 https://registry.npmjs.org/typescript-language-server 543ms (cache miss)
39 silly fetch manifest typescript@*
40 http fetch GET 200 https://registry.npmjs.org/typescript 354ms (cache updated)
41 silly placeDep ROOT typescript@5.2.2 OK for: @mason/typescript-language-server@1.0.0 want: *
42 silly placeDep ROOT typescript-language-server@3.3.2 OK for: @mason/typescript-language-server@1.0.0 want: 3.3.2
43 timing idealTree:#root Completed in 981ms
44 timing idealTree:node_modules/typescript Completed in 1ms
45 timing idealTree:node_modules/typescript-language-server Completed in 0ms
46 timing idealTree:buildDeps Completed in 983ms
47 timing idealTree:fixDepFlags Completed in 1ms
48 timing idealTree Completed in 1011ms
49 timing reify:loadTrees Completed in 1012ms
50 timing reify:diffTrees Completed in 2ms
51 silly reify moves {}
52 timing reify:retireShallow Completed in 1ms
53 timing reify:createSparse Completed in 12ms
54 timing reify:loadBundles Completed in 0ms
55 silly audit bulk request { typescript: [ '5.2.2' ], 'typescript-language-server': [ '3.3.2' ] }
56 silly tarball no local data for typescript-language-server@https://registry.npmjs.org/typescript-language-server/-/typescript-language-server-3.3.2.tgz. Extracting by manifest.
57 silly tarball no local data for typescript@https://registry.npmjs.org/typescript/-/typescript-5.2.2.tgz. Extracting by manifest.
58 http fetch POST 200 https://registry.npmjs.org/-/npm/v1/security/advisories/bulk 95ms
59 timing auditReport:getReport Completed in 98ms
60 silly audit report {}
61 timing auditReport:init Completed in 0ms
62 timing reify:audit Completed in 100ms
63 http fetch GET 200 https://registry.npmjs.org/typescript-language-server/-/typescript-language-server-3.3.2.tgz 388ms (cache miss)
64 timing reifyNode:node_modules/typescript-language-server Completed in 399ms
65 http fetch GET 200 https://registry.npmjs.org/typescript/-/typescript-5.2.2.tgz 849ms (cache miss)
66 timing reifyNode:node_modules/typescript Completed in 861ms
67 timing reify:unpack Completed in 862ms
68 timing reify:unretire Completed in 0ms
69 timing build:queue Completed in 0ms
70 timing build:link:node_modules/typescript Completed in 3ms
71 timing build:link:node_modules/typescript-language-server Completed in 2ms
72 timing build:link Completed in 3ms
73 timing build:deps Completed in 4ms
74 timing build Completed in 5ms
75 timing reify:build Completed in 5ms
76 timing reify:trash Completed in 0ms
77 timing reify:save Completed in 9ms
78 timing reify Completed in 1930ms
79 silly ADD node_modules/typescript-language-server
80 silly ADD node_modules/typescript
81 timing command:install Completed in 1937ms
82 verbose exit 0
83 timing npm Completed in 2235ms
84 info ok
