0 verbose cli /usr/bin/node /usr/bin/npm
1 info using npm@10.2.0
2 info using node@v20.8.0
3 timing npm:load:whichnode Completed in 17ms
4 timing config:load:defaults Completed in 5ms
5 timing config:load:file:/usr/lib/node_modules/npm/npmrc Completed in 27ms
6 timing config:load:builtin Completed in 28ms
7 timing config:load:cli Completed in 6ms
8 timing config:load:env Completed in 3ms
9 timing config:load:project Completed in 2ms
10 timing config:load:file:/home/braeden/.npmrc Completed in 1ms
11 timing config:load:user Completed in 1ms
12 timing config:load:file:/etc/npmrc Completed in 5ms
13 timing config:load:global Completed in 6ms
14 timing config:load:setEnvs Completed in 5ms
15 timing config:load Completed in 59ms
16 timing npm:load:configload Completed in 59ms
17 timing config:load:flatten Completed in 7ms
18 timing npm:load:mkdirpcache Completed in 0ms
19 timing npm:load:mkdirplogs Completed in 1ms
20 verbose title npm fund
21 verbose argv "fund"
22 timing npm:load:setTitle Completed in 2ms
23 timing npm:load:display Completed in 2ms
24 verbose logfile logs-max:10 dir:/home/braeden/.npm/_logs/2023-10-05T04_44_46_841Z-
25 verbose logfile /home/braeden/.npm/_logs/2023-10-05T04_44_46_841Z-debug-0.log
26 timing npm:load:logFile Completed in 21ms
27 timing npm:load:timers Completed in 0ms
28 timing npm:load:configScope Completed in 0ms
29 timing npm:load Completed in 153ms
30 timing config:load:flatten Completed in 1ms
31 timing arborist:ctor Completed in 2ms
32 silly logfile done cleaning log files
33 timing command:fund Completed in 52ms
34 verbose exit 0
35 timing npm Completed in 622ms
36 info ok
