0 verbose cli /usr/bin/node /usr/bin/npm
1 info using npm@10.2.0
2 info using node@v20.8.0
3 timing npm:load:whichnode Completed in 13ms
4 timing config:load:defaults Completed in 2ms
5 timing config:load:file:/usr/lib/node_modules/npm/npmrc Completed in 2ms
6 timing config:load:builtin Completed in 3ms
7 timing config:load:cli Completed in 3ms
8 timing config:load:env Completed in 0ms
9 timing config:load:file:/home/braeden/lincebi/.npmrc Completed in 0ms
10 timing config:load:project Completed in 1ms
11 timing config:load:file:/home/braeden/.npmrc Completed in 1ms
12 timing config:load:user Completed in 1ms
13 timing config:load:file:/etc/npmrc Completed in 0ms
14 timing config:load:global Completed in 0ms
15 timing config:load:setEnvs Completed in 2ms
16 timing config:load Completed in 14ms
17 timing npm:load:configload Completed in 15ms
18 timing config:load:flatten Completed in 4ms
19 timing npm:load:mkdirpcache Completed in 1ms
20 timing npm:load:mkdirplogs Completed in 0ms
21 verbose title npm install pnpm
22 verbose argv "install" "pnpm"
23 timing npm:load:setTitle Completed in 1ms
24 timing npm:load:display Completed in 1ms
25 verbose logfile logs-max:10 dir:/home/braeden/.npm/_logs/2023-10-05T06_02_24_949Z-
26 verbose logfile /home/braeden/.npm/_logs/2023-10-05T06_02_24_949Z-debug-0.log
27 timing npm:load:logFile Completed in 13ms
28 timing npm:load:timers Completed in 1ms
29 timing npm:load:configScope Completed in 0ms
30 timing npm:load Completed in 70ms
31 timing config:load:flatten Completed in 0ms
32 timing arborist:ctor Completed in 1ms
33 silly logfile done cleaning log files
34 timing arborist:ctor Completed in 0ms
35 timing idealTree:init Completed in 15ms
36 timing idealTree:userRequests Completed in 5ms
37 silly idealTree buildDeps
38 silly fetch manifest pnpm@*
39 http fetch GET 200 https://registry.npmjs.org/pnpm 601ms (cache revalidated)
40 silly placeDep ROOT pnpm@8.8.0 OK for:  want: *
41 timing idealTree:#root Completed in 630ms
42 timing idealTree:node_modules/pnpm Completed in 0ms
43 timing idealTree:buildDeps Completed in 631ms
44 timing idealTree:fixDepFlags Completed in 0ms
45 timing idealTree Completed in 654ms
46 timing reify:loadTrees Completed in 655ms
47 timing reify:diffTrees Completed in 1ms
48 silly reify moves {}
49 timing reify:retireShallow Completed in 1ms
50 timing reify:createSparse Completed in 3ms
51 timing reify:loadBundles Completed in 0ms
52 silly tarball no local data for pnpm@https://registry.npmjs.org/pnpm/-/pnpm-8.8.0.tgz. Extracting by manifest.
53 http fetch GET 200 https://registry.npmjs.org/pnpm/-/pnpm-8.8.0.tgz 1276ms (cache miss)
54 timing reifyNode:node_modules/pnpm Completed in 1290ms
55 timing reify:unpack Completed in 1291ms
56 timing reify:unretire Completed in 0ms
57 timing build:queue Completed in 0ms
58 timing build:link:node_modules/pnpm Completed in 6ms
59 timing build:link Completed in 6ms
60 timing build:deps Completed in 7ms
61 timing build Completed in 7ms
62 timing reify:build Completed in 7ms
63 timing reify:trash Completed in 0ms
64 timing reify:save Completed in 11ms
65 timing reify Completed in 1993ms
66 silly ADD node_modules/pnpm
67 timing command:install Completed in 2004ms
68 verbose exit 0
69 timing npm Completed in 2313ms
70 info ok
