2023-09-30 14:15:25.453 [info] Log level: Info
2023-09-30 14:15:25.453 [info] Validating found git in: "git"
2023-09-30 14:15:25.453 [info] Using git "2.42.0" from "git"
2023-09-30 14:15:25.453 [info] > git rev-parse --show-toplevel [12ms]
2023-09-30 14:15:25.453 [info] fatal: not a git repository (or any of the parent directories): .git
2023-09-30 14:15:25.459 [info] > git rev-parse --show-toplevel [19ms]
2023-09-30 14:15:25.459 [info] fatal: not a git repository (or any of the parent directories): .git
2023-09-30 14:15:25.483 [info] > git rev-parse --show-toplevel [6ms]
2023-09-30 14:15:25.483 [info] fatal: not a git repository (or any of the parent directories): .git
2023-09-30 14:15:25.504 [info] > git rev-parse --show-toplevel [2ms]
2023-09-30 14:15:25.504 [info] fatal: not a git repository (or any of the parent directories): .git
2023-09-30 14:15:25.517 [info] > git rev-parse --show-toplevel [3ms]
2023-09-30 14:15:25.517 [info] fatal: not a git repository (or any of the parent directories): .git
2023-09-30 14:15:25.530 [info] > git rev-parse --show-toplevel [3ms]
2023-09-30 14:15:25.530 [info] fatal: not a git repository (or any of the parent directories): .git
2023-09-30 14:15:25.640 [info] > git rev-parse --show-toplevel [4ms]
2023-09-30 14:15:25.640 [info] fatal: not a git repository (or any of the parent directories): .git
2023-09-30 14:15:26.556 [info] > git rev-parse --show-toplevel [10ms]
2023-09-30 14:15:26.556 [info] fatal: not a git repository (or any of the parent directories): .git
2023-09-30 14:15:40.703 [info] > git rev-parse --show-toplevel [6ms]
2023-09-30 14:15:40.703 [info] fatal: not a git repository (or any of the parent directories): .git
2023-09-30 14:15:41.162 [info] > git rev-parse --show-toplevel [5ms]
2023-09-30 14:15:41.163 [info] fatal: not a git repository (or any of the parent directories): .git
2023-09-30 14:15:42.816 [info] > git rev-parse --show-toplevel [2ms]
2023-09-30 14:15:42.816 [info] fatal: not a git repository (or any of the parent directories): .git
2023-09-30 14:15:45.121 [info] > git rev-parse --show-toplevel [3ms]
2023-09-30 14:15:45.121 [info] fatal: not a git repository (or any of the parent directories): .git
2023-09-30 14:15:59.657 [info] > git rev-parse --show-toplevel [5ms]
2023-09-30 14:15:59.657 [info] fatal: not a git repository (or any of the parent directories): .git
2023-09-30 14:16:00.080 [info] > git rev-parse --show-toplevel [7ms]
2023-09-30 14:16:00.080 [info] fatal: not a git repository (or any of the parent directories): .git
