2023-09-30 14:10:55.438 [info] Added views:workbench.panel.markers.view in workbench.panel.markers
2023-09-30 14:10:55.438 [info] Added views:workbench.panel.output in workbench.panel.output
2023-09-30 14:10:55.438 [info] Added views:terminal in terminal
2023-09-30 14:10:55.438 [info] Added views:outline in workbench.view.explorer
2023-09-30 14:10:55.438 [info] Added views:workbench.scm in workbench.view.scm
2023-09-30 14:10:55.438 [info] Added views:workbench.view.search in workbench.view.search
2023-09-30 14:10:55.438 [info] Added views:timeline in workbench.view.explorer
2023-09-30 14:10:55.438 [info] Added views:workbench.explorer.emptyView in workbench.view.explorer
2023-09-30 14:10:55.807 [info] Added views:workbench.debug.variablesView,workbench.debug.watchExpressionsView,workbench.debug.callStackView,workbench.debug.breakPointsView in workbench.view.debug
2023-09-30 14:10:57.292 [info] Added views:workbench.panel.repl.view in workbench.panel.repl
2023-09-30 14:10:57.293 [info] Removed views:workbench.debug.breakPointsView,workbench.debug.callStackView,workbench.debug.watchExpressionsView,workbench.debug.variablesView from workbench.view.debug
2023-09-30 14:10:57.300 [info] Added views:workbench.debug.welcome in workbench.view.debug
2023-09-30 14:10:58.144 [info] Added views:~remote.forwardedPorts in ~remote.forwardedPortsContainer
2023-09-30 14:11:09.960 [info] Added views:workbench.debug.breakPointsView in workbench.view.debug
2023-09-30 14:12:38.736 [info] Added views:workbench.views.extensions.installed,workbench.views.extensions.popular,extensions.recommendedList in workbench.view.extensions
2023-09-30 14:12:38.740 [info] Removed views:workbench.views.extensions.popular from workbench.view.extensions
2023-09-30 14:12:41.237 [info] Removed views:extensions.recommendedList,workbench.views.extensions.installed from workbench.view.extensions
2023-09-30 14:12:41.263 [info] Added views:workbench.views.extensions.marketplace in workbench.view.extensions
2023-09-30 14:13:30.430 [info] Added views:workbench.panel.markers.view in workbench.panel.markers
2023-09-30 14:13:30.430 [info] Added views:workbench.panel.output in workbench.panel.output
2023-09-30 14:13:30.430 [info] Added views:terminal in terminal
2023-09-30 14:13:30.430 [info] Added views:outline in workbench.view.explorer
2023-09-30 14:13:30.430 [info] Added views:workbench.scm in workbench.view.scm
2023-09-30 14:13:30.430 [info] Added views:workbench.view.search in workbench.view.search
2023-09-30 14:13:30.430 [info] Added views:timeline in workbench.view.explorer
2023-09-30 14:13:30.430 [info] Added views:workbench.explorer.fileView in workbench.view.explorer
2023-09-30 14:13:30.638 [info] Added views:workbench.debug.variablesView,workbench.debug.watchExpressionsView,workbench.debug.callStackView,workbench.debug.breakPointsView in workbench.view.debug
2023-09-30 14:13:31.903 [info] Added views:workbench.panel.repl.view in workbench.panel.repl
2023-09-30 14:13:34.952 [info] Added views:~remote.forwardedPorts in ~remote.forwardedPortsContainer
